#
# A fatal error has been detected by the Java Runtime Environment:
#
#  SIGBUS (0xa) at pc=0x000000010c1e6e92, pid=86224, tid=0x0000000000005d03
#
# JRE version: Java(TM) SE Runtime Environment (8.0_101-b13) (build 1.8.0_101-b13)
# Java VM: Java HotSpot(TM) 64-Bit Server VM (25.101-b13 mixed mode bsd-amd64 compressed oops)
# Problematic frame:
# C  [libzip.dylib+0x2e92]  newEntry+0x154
#
# Failed to write core dump. Core dumps have been disabled. To enable core dumping, try "ulimit -c unlimited" before starting Java again
#
# If you would like to submit a bug report, please visit:
#   http://bugreport.java.com/bugreport/crash.jsp
# The crash happened outside the Java Virtual Machine in native code.
# See problematic frame for where to report the bug.
#

---------------  T H R E A D  ---------------

Current thread (0x00007faada1f2000):  JavaThread "Thread-2" [_thread_in_native, id=23811, stack(0x000000012c9e5000,0x000000012cae5000)]

siginfo: si_signo: 10 (SIGBUS), si_code: 2 (BUS_ADRERR), si_addr: 0x000000012bf1fc03

Registers:
RAX=0x00007faad9d10d00, RBX=0x000000012bf1fbf7, RCX=0x0000000000000001, RDX=0x0000000000000708
RSP=0x000000012cae20c0, RBP=0x000000012cae2120, RSI=0x00007faad9e00000, RDI=0x000000010bf6aa00
R8 =0x0000000000000004, R9 =0x00000000fffff000, R10=0x000000010e2d2958, R11=0xfffffff9c11cd3a6
R12=0x000000012bee1000, R13=0x0000000000000d90, R14=0x0000000024998517, R15=0x00007faad9cb1610
RIP=0x000000010c1e6e92, EFLAGS=0x0000000000010202, ERR=0x0000000000000004
  TRAPNO=0x000000000000000e

Top of Stack: (sp=0x000000012cae20c0)
0x000000012cae20c0:   000000012cae3330 000000002cae3330
0x000000012cae20d0:   000000012cae2130 00007fff94f24d3d
0x000000012cae20e0:   000000012cae2100 00007faad9d10d00
0x000000012cae20f0:   00007faad9e7ca70 00007faad9d10d00
0x000000012cae2100:   000000012bee1000 0000000000000d90
0x000000012cae2110:   0000000024998517 00007faad9cb1610
0x000000012cae2120:   000000012cae2180 000000010c1e752d
0x000000012cae2130:   000000012cae21c5 000000012cae21c4
0x000000012cae2140:   0000002500000000 00000026011f2000
0x000000012cae2150:   000000012cae219e 000000012cae25e8
0x000000012cae2160:   0000000000000026 000000012cae219e
0x000000012cae2170:   00007faad9d10d00 00007faada1f21f8
0x000000012cae2180:   000000012cae25d0 000000010c1e6238
0x000000012cae2190:   000000012cae21f0 6f637fff00000001
0x000000012cae21a0:   6c66667568732f6d 726579616c702f65
0x000000012cae21b0:   24726579616c502f 632e74726f706552
0x000000012cae21c0:   000000007373616c 00000000ffffffcd
0x000000012cae21d0:   0000000000000033 000000012cae2368
0x000000012cae21e0:   000000010d808de2 00000000ffffffcd
0x000000012cae21f0:   000000012cae2620 00007fff94f2efe6
0x000000012cae2200:   0000000000000000 000000012cae2398
0x000000012cae2210:   000000010d7e5c65 0000000000000001
0x000000012cae2220:   000000012cae2650 00007fff94f2f06d
0x000000012cae2230:   0000000000000000 000000000000002e
0x000000012cae2240:   0000002e0d7dae19 000000012cae2cf0
0x000000012cae2250:   00007fff7bd2b6b8 00000000ffffffff
0x000000012cae2260:   0000000700000000 000000332758b208
0x000000012cae2270:   0000000000000001 000000010d808de0
0x000000012cae2280:   ffffffcd274ad890 0000000000000001
0x000000012cae2290:   00007faad9f15ffc 0000000000000033
0x000000012cae22a0:   0000000000000001 0000000000000001
0x000000012cae22b0:   0000000000000000 0000000000000000 

Instructions: (pc=0x000000010c1e6e92)
0x000000010c1e6e72:   49 8b 7f 38 e8 5b 1b 00 00 4d 89 77 38 49 89 5f
0x000000010c1e6e82:   40 4c 89 f0 48 85 c0 0f 84 11 05 00 00 48 89 c3
0x000000010c1e6e92:   0f b6 43 0c 0f b6 4b 0d 48 c1 e1 08 48 01 c1 0f
0x000000010c1e6ea2:   b6 43 0e 0f b6 53 0f 48 c1 e2 08 48 01 c2 48 c1 

Register to memory mapping:

RAX=0x00007faad9d10d00 is an unknown value
RBX=0x000000012bf1fbf7 is an unknown value
RCX=0x0000000000000001 is an unknown value
RDX=0x0000000000000708 is an unknown value
RSP=0x000000012cae20c0 is pointing into the stack for thread: 0x00007faada1f2000
RBP=0x000000012cae2120 is pointing into the stack for thread: 0x00007faada1f2000
RSI=0x00007faad9e00000 is an unknown value
RDI=0x000000010bf6aa00 is an unknown value
R8 =0x0000000000000004 is an unknown value
R9 =0x00000000fffff000 is an unknown value
R10=0x000000010e2d2958 is at entry_point+88 in (nmethod*)0x000000010e2d2790
R11=0xfffffff9c11cd3a6 is an unknown value
R12=0x000000012bee1000 is an unknown value
R13=0x0000000000000d90 is an unknown value
R14=0x0000000024998517 is an unknown value
R15=0x00007faad9cb1610 is an unknown value


Stack: [0x000000012c9e5000,0x000000012cae5000],  sp=0x000000012cae20c0,  free space=1012k
Native frames: (J=compiled Java code, j=interpreted, Vv=VM code, C=native code)
C  [libzip.dylib+0x2e92]  newEntry+0x154
C  [libzip.dylib+0x352d]  ZIP_GetEntry2+0xd4
C  [libzip.dylib+0x2238]  Java_java_util_zip_ZipFile_getEntry+0xcf
J 88  java.util.zip.ZipFile.getEntry(J[BZ)J (0 bytes) @ 0x000000010e2d29ce [0x000000010e2d2900+0xce]
J 860 C2 java.util.jar.JarFile.getEntry(Ljava/lang/String;)Ljava/util/zip/ZipEntry; (22 bytes) @ 0x000000010e4dda0c [0x000000010e4dd6a0+0x36c]
J 880 C2 sun.misc.URLClassPath$JarLoader.getResource(Ljava/lang/String;Z)Lsun/misc/Resource; (85 bytes) @ 0x000000010e4e4b20 [0x000000010e4e4900+0x220]
J 1053 C2 sun.misc.URLClassPath.getResource(Ljava/lang/String;Z)Lsun/misc/Resource; (83 bytes) @ 0x000000010e53e574 [0x000000010e53e460+0x114]
J 246 C1 java.net.URLClassLoader$1.run()Ljava/lang/Class; (63 bytes) @ 0x000000010e32372c [0x000000010e323520+0x20c]
J 245 C1 java.net.URLClassLoader$1.run()Ljava/lang/Object; (5 bytes) @ 0x000000010e32318c [0x000000010e323100+0x8c]
v  ~StubRoutines::call_stub
V  [libjvm.dylib+0x2ecf06]  JavaCalls::call_helper(JavaValue*, methodHandle*, JavaCallArguments*, Thread*)+0x6ae
V  [libjvm.dylib+0x34d69c]  JVM_DoPrivileged+0x4b8
J 244  java.security.AccessController.doPrivileged(Ljava/security/PrivilegedExceptionAction;Ljava/security/AccessControlContext;)Ljava/lang/Object; (0 bytes) @ 0x000000010e322e55 [0x000000010e322d80+0xd5]
J 216 C1 java.net.URLClassLoader.findClass(Ljava/lang/String;)Ljava/lang/Class; (47 bytes) @ 0x000000010e314f94 [0x000000010e314e00+0x194]
J 193 C1 java.lang.ClassLoader.loadClass(Ljava/lang/String;Z)Ljava/lang/Class; (122 bytes) @ 0x000000010e306c64 [0x000000010e306300+0x964]
J 234 C1 sun.misc.Launcher$AppClassLoader.loadClass(Ljava/lang/String;Z)Ljava/lang/Class; (85 bytes) @ 0x000000010e31f924 [0x000000010e31ef80+0x9a4]
J 233 C1 java.lang.ClassLoader.loadClass(Ljava/lang/String;)Ljava/lang/Class; (7 bytes) @ 0x000000010e31e144 [0x000000010e31e040+0x104]
v  ~StubRoutines::call_stub
V  [libjvm.dylib+0x2ecf06]  JavaCalls::call_helper(JavaValue*, methodHandle*, JavaCallArguments*, Thread*)+0x6ae
V  [libjvm.dylib+0x2ed694]  JavaCalls::call_virtual(JavaValue*, KlassHandle, Symbol*, Symbol*, JavaCallArguments*, Thread*)+0x164
V  [libjvm.dylib+0x2ed7ec]  JavaCalls::call_virtual(JavaValue*, Handle, KlassHandle, Symbol*, Symbol*, Handle, Thread*)+0x56
V  [libjvm.dylib+0x53a818]  SystemDictionary::load_instance_class(Symbol*, Handle, Thread*)+0x2d8
V  [libjvm.dylib+0x539fb1]  SystemDictionary::resolve_instance_class_or_null(Symbol*, Handle, Handle, Thread*)+0x48f
V  [libjvm.dylib+0x53aa34]  SystemDictionary::resolve_or_null(Symbol*, Handle, Handle, Thread*)+0x106
V  [libjvm.dylib+0x53b0e7]  SystemDictionary::resolve_or_fail(Symbol*, Handle, Handle, bool, Thread*)+0x31
V  [libjvm.dylib+0x1e2582]  ConstantPool::klass_at_impl(constantPoolHandle, int, Thread*)+0x2ee
V  [libjvm.dylib+0x1f29ae]  ConstantPool::klass_at(int, Thread*)+0x92
V  [libjvm.dylib+0x3ca33a]  LinkResolver::resolve_pool(KlassHandle&, Symbol*&, Symbol*&, KlassHandle&, constantPoolHandle, int, Thread*)+0x72
V  [libjvm.dylib+0x3cd962]  LinkResolver::resolve_invokestatic(CallInfo&, constantPoolHandle, int, Thread*)+0x9e
V  [libjvm.dylib+0x3cda87]  LinkResolver::resolve_invoke(CallInfo&, Handle, constantPoolHandle, int, Bytecodes::Code, Thread*)+0xb3
V  [libjvm.dylib+0x2e734d]  InterpreterRuntime::resolve_invoke(JavaThread*, Bytecodes::Code)+0x371
j  com.shuffle.player.Player$Running.playInner(Lcom/shuffle/chan/Chan;)Lcom/shuffle/player/Player$Report;+221
j  com.shuffle.player.Player$Running.access$1200(Lcom/shuffle/player/Player$Running;Lcom/shuffle/chan/Chan;)Lcom/shuffle/player/Player$Report;+2
j  com.shuffle.player.Player$Running$1.run()V+12
j  java.lang.Thread.run()V+11
v  ~StubRoutines::call_stub
V  [libjvm.dylib+0x2ecf06]  JavaCalls::call_helper(JavaValue*, methodHandle*, JavaCallArguments*, Thread*)+0x6ae
V  [libjvm.dylib+0x2ed694]  JavaCalls::call_virtual(JavaValue*, KlassHandle, Symbol*, Symbol*, JavaCallArguments*, Thread*)+0x164
V  [libjvm.dylib+0x2ed840]  JavaCalls::call_virtual(JavaValue*, Handle, KlassHandle, Symbol*, Symbol*, Thread*)+0x4a
V  [libjvm.dylib+0x348029]  thread_entry(JavaThread*, Thread*)+0x7c
V  [libjvm.dylib+0x5695ab]  JavaThread::thread_main_inner()+0x9b
V  [libjvm.dylib+0x56ac98]  JavaThread::run()+0x1c2
V  [libjvm.dylib+0x48933a]  java_start(Thread*)+0xf6
C  [libsystem_pthread.dylib+0x3268]  _pthread_body+0x83
C  [libsystem_pthread.dylib+0x31e5]  _pthread_body+0x0
C  [libsystem_pthread.dylib+0x141d]  thread_start+0xd
C  0x0000000000000000

Java frames: (J=compiled Java code, j=interpreted, Vv=VM code)
J 88  java.util.zip.ZipFile.getEntry(J[BZ)J (0 bytes) @ 0x000000010e2d2958 [0x000000010e2d2900+0x58]
J 860 C2 java.util.jar.JarFile.getEntry(Ljava/lang/String;)Ljava/util/zip/ZipEntry; (22 bytes) @ 0x000000010e4dda0c [0x000000010e4dd6a0+0x36c]
J 880 C2 sun.misc.URLClassPath$JarLoader.getResource(Ljava/lang/String;Z)Lsun/misc/Resource; (85 bytes) @ 0x000000010e4e4b20 [0x000000010e4e4900+0x220]
J 1053 C2 sun.misc.URLClassPath.getResource(Ljava/lang/String;Z)Lsun/misc/Resource; (83 bytes) @ 0x000000010e53e574 [0x000000010e53e460+0x114]
J 246 C1 java.net.URLClassLoader$1.run()Ljava/lang/Class; (63 bytes) @ 0x000000010e32372c [0x000000010e323520+0x20c]
J 245 C1 java.net.URLClassLoader$1.run()Ljava/lang/Object; (5 bytes) @ 0x000000010e32318c [0x000000010e323100+0x8c]
v  ~StubRoutines::call_stub
J 244  java.security.AccessController.doPrivileged(Ljava/security/PrivilegedExceptionAction;Ljava/security/AccessControlContext;)Ljava/lang/Object; (0 bytes) @ 0x000000010e322de3 [0x000000010e322d80+0x63]
J 216 C1 java.net.URLClassLoader.findClass(Ljava/lang/String;)Ljava/lang/Class; (47 bytes) @ 0x000000010e314f94 [0x000000010e314e00+0x194]
J 193 C1 java.lang.ClassLoader.loadClass(Ljava/lang/String;Z)Ljava/lang/Class; (122 bytes) @ 0x000000010e306c64 [0x000000010e306300+0x964]
J 234 C1 sun.misc.Launcher$AppClassLoader.loadClass(Ljava/lang/String;Z)Ljava/lang/Class; (85 bytes) @ 0x000000010e31f924 [0x000000010e31ef80+0x9a4]
J 233 C1 java.lang.ClassLoader.loadClass(Ljava/lang/String;)Ljava/lang/Class; (7 bytes) @ 0x000000010e31e144 [0x000000010e31e040+0x104]
v  ~StubRoutines::call_stub
j  com.shuffle.player.Player$Running.playInner(Lcom/shuffle/chan/Chan;)Lcom/shuffle/player/Player$Report;+221
j  com.shuffle.player.Player$Running.access$1200(Lcom/shuffle/player/Player$Running;Lcom/shuffle/chan/Chan;)Lcom/shuffle/player/Player$Report;+2
j  com.shuffle.player.Player$Running$1.run()V+12
j  java.lang.Thread.run()V+11
v  ~StubRoutines::call_stub

---------------  P R O C E S S  ---------------

Java Threads: ( => current thread )
=>0x00007faada1f2000 JavaThread "Thread-2" [_thread_in_native, id=23811, stack(0x000000012c9e5000,0x000000012cae5000)]
  0x00007faada8a0000 JavaThread "Thread-1" [_thread_in_native, id=23559, stack(0x000000012c8bc000,0x000000012c9bc000)]
  0x00007faada854000 JavaThread "bitcoinj user thread" daemon [_thread_blocked, id=21763, stack(0x000000012c1ab000,0x000000012c2ab000)]
  0x00007faadb033800 JavaThread "Service Thread" daemon [_thread_blocked, id=20739, stack(0x000000012bb70000,0x000000012bc70000)]
  0x00007faada809000 JavaThread "C1 CompilerThread3" daemon [_thread_blocked, id=20227, stack(0x000000012ba6d000,0x000000012bb6d000)]
  0x00007faada80b000 JavaThread "C2 CompilerThread2" daemon [_thread_blocked, id=19715, stack(0x000000012b96a000,0x000000012ba6a000)]
  0x00007faada091000 JavaThread "C2 CompilerThread1" daemon [_thread_blocked, id=19203, stack(0x000000012b867000,0x000000012b967000)]
  0x00007faadb028800 JavaThread "C2 CompilerThread0" daemon [_thread_blocked, id=18691, stack(0x000000012b764000,0x000000012b864000)]
  0x00007faadb008000 JavaThread "Signal Dispatcher" daemon [_thread_blocked, id=18211, stack(0x000000012b661000,0x000000012b761000)]
  0x00007faada804000 JavaThread "Finalizer" daemon [_thread_blocked, id=13571, stack(0x0000000129c4a000,0x0000000129d4a000)]
  0x00007faada06f000 JavaThread "Reference Handler" daemon [_thread_blocked, id=13059, stack(0x0000000129b47000,0x0000000129c47000)]
  0x00007faada012800 JavaThread "main" [_thread_blocked, id=4867, stack(0x000000010c095000,0x000000010c195000)]

Other Threads:
  0x00007faada06a800 VMThread [stack: 0x0000000129a44000,0x0000000129b44000] [id=12547]
  0x00007faada801000 WatcherThread [stack: 0x000000012bc73000,0x000000012bd73000] [id=21251]

VM state:not at safepoint (normal execution)

VM Mutex/Monitor currently owned by a thread: None

Heap:
 PSYoungGen      total 76288K, used 25763K [0x000000076ab00000, 0x0000000770000000, 0x00000007c0000000)
  eden space 65536K, 22% used [0x000000076ab00000,0x000000076b9ae8a0,0x000000076eb00000)
  from space 10752K, 99% used [0x000000076eb00000,0x000000076f57a448,0x000000076f580000)
  to   space 10752K, 0% used [0x000000076f580000,0x000000076f580000,0x0000000770000000)
 ParOldGen       total 175104K, used 1122K [0x00000006c0000000, 0x00000006cab00000, 0x000000076ab00000)
  object space 175104K, 0% used [0x00000006c0000000,0x00000006c0118a40,0x00000006cab00000)
 Metaspace       used 15788K, capacity 15886K, committed 16128K, reserved 1062912K
  class space    used 1995K, capacity 2011K, committed 2048K, reserved 1048576K

Card table byte_map: [0x000000011d55d000,0x000000011dd5e000] byte_map_base: 0x0000000119f5d000

Marking Bits: (ParMarkBitMap*) 0x000000010daedd20
 Begin Bits: [0x000000011eacc000, 0x0000000122acc000)
 End Bits:   [0x0000000122acc000, 0x0000000126acc000)

Polling page: 0x000000010c1da000

CodeCache: size=245760Kb used=4337Kb max_used=4347Kb free=241422Kb
 bounds [0x000000010e19d000, 0x000000010e5ed000, 0x000000011d19d000]
 total_blobs=1656 nmethods=1255 adapters=315
 compilation: enabled

Compilation events (10 events):
Event: 12.861 Thread 0x00007faada809000 nmethod 1257 0x000000010e5dbf50 code [0x000000010e5dc0c0, 0x000000010e5dc370]
Event: 12.861 Thread 0x00007faada809000 1256       3       java.math.MutableBigInteger::leftShift (293 bytes)
Event: 12.862 Thread 0x00007faada809000 nmethod 1256 0x000000010e5e01d0 code [0x000000010e5e03e0, 0x000000010e5e0e18]
Event: 12.862 Thread 0x00007faada809000 1254       3       java.math.MutableBigInteger::rightShift (79 bytes)
Event: 12.862 Thread 0x00007faada809000 nmethod 1254 0x000000010e5db890 code [0x000000010e5dba40, 0x000000010e5dbdc8]
Event: 12.862 Thread 0x00007faada809000 1253       3       java.math.MutableBigInteger::isZero (13 bytes)
Event: 12.862 Thread 0x00007faada809000 nmethod 1253 0x000000010e5db510 code [0x000000010e5db680, 0x000000010e5db830]
Event: 12.862 Thread 0x00007faada809000 1255       3       java.math.MutableBigInteger::isOne (27 bytes)
Event: 12.862 Thread 0x00007faada80b000 nmethod 1251 0x000000010e5db1d0 code [0x000000010e5db320, 0x000000010e5db478]
Event: 12.862 Thread 0x00007faada809000 nmethod 1255 0x000000010e5dfd90 code [0x000000010e5dff00, 0x000000010e5e0110]

GC Heap History (2 events):
Event: 12.670 GC heap before
{Heap before GC invocations=1 (full 0):
 PSYoungGen      total 76288K, used 65536K [0x000000076ab00000, 0x0000000770000000, 0x00000007c0000000)
  eden space 65536K, 100% used [0x000000076ab00000,0x000000076eb00000,0x000000076eb00000)
  from space 10752K, 0% used [0x000000076f580000,0x000000076f580000,0x0000000770000000)
  to   space 10752K, 0% used [0x000000076eb00000,0x000000076eb00000,0x000000076f580000)
 ParOldGen       total 175104K, used 0K [0x00000006c0000000, 0x00000006cab00000, 0x000000076ab00000)
  object space 175104K, 0% used [0x00000006c0000000,0x00000006c0000000,0x00000006cab00000)
 Metaspace       used 13275K, capacity 13422K, committed 13568K, reserved 1060864K
  class space    used 1673K, capacity 1723K, committed 1792K, reserved 1048576K
Event: 12.683 GC heap after
Heap after GC invocations=1 (full 0):
 PSYoungGen      total 76288K, used 10729K [0x000000076ab00000, 0x0000000770000000, 0x00000007c0000000)
  eden space 65536K, 0% used [0x000000076ab00000,0x000000076ab00000,0x000000076eb00000)
  from space 10752K, 99% used [0x000000076eb00000,0x000000076f57a448,0x000000076f580000)
  to   space 10752K, 0% used [0x000000076f580000,0x000000076f580000,0x0000000770000000)
 ParOldGen       total 175104K, used 1122K [0x00000006c0000000, 0x00000006cab00000, 0x000000076ab00000)
  object space 175104K, 0% used [0x00000006c0000000,0x00000006c0118a40,0x00000006cab00000)
 Metaspace       used 13275K, capacity 13422K, committed 13568K, reserved 1060864K
  class space    used 1673K, capacity 1723K, committed 1792K, reserved 1048576K
}

Deoptimization events (10 events):
Event: 1.012 Thread 0x00007faada012800 Uncommon trap: reason=bimorphic action=maybe_recompile pc=0x000000010e48241c method=java.util.regex.Pattern$BmpCharProperty.match(Ljava/util/regex/Matcher;ILjava/lang/CharSequence;)Z @ 16
Event: 1.012 Thread 0x00007faada012800 Uncommon trap: reason=bimorphic action=maybe_recompile pc=0x000000010e48241c method=java.util.regex.Pattern$BmpCharProperty.match(Ljava/util/regex/Matcher;ILjava/lang/CharSequence;)Z @ 16
Event: 1.012 Thread 0x00007faada012800 Uncommon trap: reason=bimorphic action=maybe_recompile pc=0x000000010e48241c method=java.util.regex.Pattern$BmpCharProperty.match(Ljava/util/regex/Matcher;ILjava/lang/CharSequence;)Z @ 16
Event: 1.056 Thread 0x00007faada1f2000 Uncommon trap: reason=null_check action=make_not_entrant pc=0x000000010e475e08 method=java.lang.StringCoding.deref(Ljava/lang/ThreadLocal;)Ljava/lang/Object; @ 4
Event: 12.660 Thread 0x00007faada1f2000 Uncommon trap: reason=unstable_if action=reinterpret pc=0x000000010e46ede8 method=java.lang.ThreadLocal$ThreadLocalMap.getEntry(Ljava/lang/ThreadLocal;)Ljava/lang/ThreadLocal$ThreadLocalMap$Entry; @ 29
Event: 12.714 Thread 0x00007faada1f2000 Uncommon trap: reason=bimorphic action=maybe_recompile pc=0x000000010e53f7e4 method=java.util.Hashtable.addEntry(ILjava/lang/Object;Ljava/lang/Object;I)V @ 38
Event: 12.714 Thread 0x00007faada1f2000 Uncommon trap: reason=bimorphic action=maybe_recompile pc=0x000000010e53f7e4 method=java.util.Hashtable.addEntry(ILjava/lang/Object;Ljava/lang/Object;I)V @ 38
Event: 12.714 Thread 0x00007faada1f2000 Uncommon trap: reason=bimorphic action=maybe_recompile pc=0x000000010e53f7e4 method=java.util.Hashtable.addEntry(ILjava/lang/Object;Ljava/lang/Object;I)V @ 38
Event: 12.714 Thread 0x00007faada1f2000 Uncommon trap: reason=bimorphic action=maybe_recompile pc=0x000000010e53f7e4 method=java.util.Hashtable.addEntry(ILjava/lang/Object;Ljava/lang/Object;I)V @ 38
Event: 12.721 Thread 0x00007faada1f2000 Uncommon trap: reason=bimorphic action=maybe_recompile pc=0x000000010e458e78 method=java.util.Hashtable.addEntry(ILjava/lang/Object;Ljava/lang/Object;I)V @ 38

Internal exceptions (10 events):
Event: 0.158 Thread 0x00007faada012800 Exception <a 'java/security/PrivilegedActionException'> (0x000000076b0f44c8) thrown at [/HUDSON3/workspace/8-2-build-macosx-x86_64/jdk8u101/7261/hotspot/src/share/vm/prims/jvm.cpp, line 1386]
Event: 0.158 Thread 0x00007faada012800 Exception <a 'java/security/PrivilegedActionException'> (0x000000076b0f46d8) thrown at [/HUDSON3/workspace/8-2-build-macosx-x86_64/jdk8u101/7261/hotspot/src/share/vm/prims/jvm.cpp, line 1386]
Event: 0.349 Thread 0x00007faada012800 Implicit null exception at 0x000000010e3de9ad to 0x000000010e3dea61
Event: 0.495 Thread 0x00007faada012800 Implicit null exception at 0x000000010e3d62b5 to 0x000000010e3d6339
Event: 0.988 Thread 0x00007faada012800 Exception <a 'java/lang/ArrayIndexOutOfBoundsException': 71> (0x000000076e438d58) thrown at [/HUDSON3/workspace/8-2-build-macosx-x86_64/jdk8u101/7261/hotspot/src/share/vm/interpreter/interpreterRuntime.cpp, line 366]
Event: 0.988 Thread 0x00007faada012800 Exception <a 'java/lang/ArrayIndexOutOfBoundsException': 18> (0x000000076e439ad0) thrown at [/HUDSON3/workspace/8-2-build-macosx-x86_64/jdk8u101/7261/hotspot/src/share/vm/interpreter/interpreterRuntime.cpp, line 366]
Event: 0.989 Thread 0x00007faada012800 Exception <a 'java/lang/ArrayIndexOutOfBoundsException': 60> (0x000000076e43aa88) thrown at [/HUDSON3/workspace/8-2-build-macosx-x86_64/jdk8u101/7261/hotspot/src/share/vm/interpreter/interpreterRuntime.cpp, line 366]
Event: 1.056 Thread 0x00007faada1f2000 Implicit null exception at 0x000000010e475477 to 0x000000010e475df9
Event: 12.684 Thread 0x00007faadb1dd800 Exception <a 'java/net/SocketException': Socket closed> (0x000000076ab03430) thrown at [/HUDSON3/workspace/8-2-build-macosx-x86_64/jdk8u101/7261/hotspot/src/share/vm/prims/jni.cpp, line 735]
Event: 12.684 Thread 0x00007faadb1dc800 Exception <a 'sun/net/ConnectionResetException': Connection reset> (0x000000076ac51da0) thrown at [/HUDSON3/workspace/8-2-build-macosx-x86_64/jdk8u101/7261/hotspot/src/share/vm/prims/jni.cpp, line 735]

Events (10 events):
Event: 12.864 Executing VM operation: RevokeBias
Event: 12.864 Executing VM operation: RevokeBias done
Event: 22.867 loading class java/lang/Throwable$WrappedPrintStream
Event: 22.867 loading class java/lang/Throwable$PrintStreamOrWriter
Event: 22.867 loading class java/lang/Throwable$PrintStreamOrWriter done
Event: 22.867 loading class java/lang/Throwable$WrappedPrintStream done
Event: 22.867 loading class java/util/IdentityHashMap$KeySet
Event: 22.867 loading class java/util/IdentityHashMap$KeySet done
Event: 22.867 loading class com/shuffle/player/Player$Report
Event: 22.867 loading class com/shuffle/player/Player$Report done


Dynamic libraries:
0x0000000009ff7000 	/System/Library/Frameworks/Cocoa.framework/Versions/A/Cocoa
0x0000000009ff7000 	/System/Library/Frameworks/Security.framework/Versions/A/Security
0x0000000009ff7000 	/System/Library/Frameworks/ApplicationServices.framework/Versions/A/ApplicationServices
0x0000000009ff7000 	/usr/lib/libz.1.dylib
0x0000000009ff7000 	/usr/lib/libSystem.B.dylib
0x0000000009ff7000 	/usr/lib/libobjc.A.dylib
0x0000000009ff7000 	/System/Library/Frameworks/CoreFoundation.framework/Versions/A/CoreFoundation
0x0000000009ff7000 	/System/Library/Frameworks/Foundation.framework/Versions/C/Foundation
0x0000000009ff7000 	/System/Library/Frameworks/AppKit.framework/Versions/C/AppKit
0x0000000009ff7000 	/System/Library/Frameworks/CoreData.framework/Versions/A/CoreData
0x0000000009ff7000 	/System/Library/PrivateFrameworks/RemoteViewServices.framework/Versions/A/RemoteViewServices
0x0000000009ff7000 	/System/Library/PrivateFrameworks/UIFoundation.framework/Versions/A/UIFoundation
0x0000000009ff7000 	/System/Library/Frameworks/IOSurface.framework/Versions/A/IOSurface
0x0000000009ff7000 	/System/Library/Frameworks/AudioToolbox.framework/Versions/A/AudioToolbox
0x0000000009ff7000 	/System/Library/Frameworks/AudioUnit.framework/Versions/A/AudioUnit
0x0000000009ff7000 	/System/Library/PrivateFrameworks/DataDetectorsCore.framework/Versions/A/DataDetectorsCore
0x0000000009ff7000 	/System/Library/PrivateFrameworks/DesktopServicesPriv.framework/Versions/A/DesktopServicesPriv
0x0000000009ff7000 	/System/Library/Frameworks/Carbon.framework/Versions/A/Frameworks/HIToolbox.framework/Versions/A/HIToolbox
0x0000000009ff7000 	/System/Library/Frameworks/QuartzCore.framework/Versions/A/QuartzCore
0x0000000009ff7000 	/System/Library/Frameworks/Carbon.framework/Versions/A/Frameworks/SpeechRecognition.framework/Versions/A/SpeechRecognition
0x0000000009ff7000 	/usr/lib/libauto.dylib
0x0000000009ff7000 	/usr/lib/libicucore.A.dylib
0x0000000009ff7000 	/usr/lib/libxml2.2.dylib
0x0000000009ff7000 	/System/Library/PrivateFrameworks/CoreUI.framework/Versions/A/CoreUI
0x0000000009ff7000 	/System/Library/Frameworks/CoreAudio.framework/Versions/A/CoreAudio
0x0000000009ff7000 	/System/Library/Frameworks/DiskArbitration.framework/Versions/A/DiskArbitration
0x0000000009ff7000 	/usr/lib/liblangid.dylib
0x0000000009ff7000 	/System/Library/PrivateFrameworks/MultitouchSupport.framework/Versions/A/MultitouchSupport
0x0000000009ff7000 	/System/Library/Frameworks/IOKit.framework/Versions/A/IOKit
0x0000000009ff7000 	/usr/lib/libDiagnosticMessagesClient.dylib
0x0000000009ff7000 	/System/Library/Frameworks/CoreServices.framework/Versions/A/CoreServices
0x0000000009ff7000 	/System/Library/PrivateFrameworks/PerformanceAnalysis.framework/Versions/A/PerformanceAnalysis
0x0000000009ff7000 	/System/Library/PrivateFrameworks/GenerationalStorage.framework/Versions/A/GenerationalStorage
0x0000000009ff7000 	/System/Library/Frameworks/OpenGL.framework/Versions/A/OpenGL
0x0000000009ff7000 	/System/Library/PrivateFrameworks/Sharing.framework/Versions/A/Sharing
0x0000000009ff7000 	/System/Library/Frameworks/CoreGraphics.framework/Versions/A/CoreGraphics
0x0000000009ff7000 	/System/Library/Frameworks/CoreText.framework/Versions/A/CoreText
0x0000000009ff7000 	/System/Library/Frameworks/ImageIO.framework/Versions/A/ImageIO
0x0000000009ff7000 	/usr/lib/libextension.dylib
0x0000000009ff7000 	/System/Library/PrivateFrameworks/Backup.framework/Versions/A/Backup
0x0000000009ff7000 	/usr/lib/libarchive.2.dylib
0x0000000009ff7000 	/System/Library/Frameworks/CFNetwork.framework/Versions/A/CFNetwork
0x0000000009ff7000 	/System/Library/Frameworks/SystemConfiguration.framework/Versions/A/SystemConfiguration
0x0000000009ff7000 	/usr/lib/libCRFSuite.dylib
0x0000000009ff7000 	/usr/lib/libc++.1.dylib
0x0000000009ff7000 	/usr/lib/libc++abi.dylib
0x0000000009ff7000 	/usr/lib/system/libcache.dylib
0x0000000009ff7000 	/usr/lib/system/libcommonCrypto.dylib
0x0000000009ff7000 	/usr/lib/system/libcompiler_rt.dylib
0x0000000009ff7000 	/usr/lib/system/libcopyfile.dylib
0x0000000009ff7000 	/usr/lib/system/libcorecrypto.dylib
0x0000000009ff7000 	/usr/lib/system/libdispatch.dylib
0x0000000009ff7000 	/usr/lib/system/libdyld.dylib
0x0000000009ff7000 	/usr/lib/system/libkeymgr.dylib
0x0000000009ff7000 	/usr/lib/system/liblaunch.dylib
0x0000000009ff7000 	/usr/lib/system/libmacho.dylib
0x0000000009ff7000 	/usr/lib/system/libquarantine.dylib
0x0000000009ff7000 	/usr/lib/system/libremovefile.dylib
0x0000000009ff7000 	/usr/lib/system/libsystem_asl.dylib
0x0000000009ff7000 	/usr/lib/system/libsystem_blocks.dylib
0x0000000009ff7000 	/usr/lib/system/libsystem_c.dylib
0x0000000009ff7000 	/usr/lib/system/libsystem_configuration.dylib
0x0000000009ff7000 	/usr/lib/system/libsystem_coreservices.dylib
0x0000000009ff7000 	/usr/lib/system/libsystem_coretls.dylib
0x0000000009ff7000 	/usr/lib/system/libsystem_dnssd.dylib
0x0000000009ff7000 	/usr/lib/system/libsystem_info.dylib
0x0000000009ff7000 	/usr/lib/system/libsystem_kernel.dylib
0x0000000009ff7000 	/usr/lib/system/libsystem_m.dylib
0x0000000009ff7000 	/usr/lib/system/libsystem_malloc.dylib
0x0000000009ff7000 	/usr/lib/system/libsystem_network.dylib
0x0000000009ff7000 	/usr/lib/system/libsystem_networkextension.dylib
0x0000000009ff7000 	/usr/lib/system/libsystem_notify.dylib
0x0000000009ff7000 	/usr/lib/system/libsystem_platform.dylib
0x0000000009ff7000 	/usr/lib/system/libsystem_pthread.dylib
0x0000000009ff7000 	/usr/lib/system/libsystem_sandbox.dylib
0x0000000009ff7000 	/usr/lib/system/libsystem_secinit.dylib
0x0000000009ff7000 	/usr/lib/system/libsystem_stats.dylib
0x0000000009ff7000 	/usr/lib/system/libsystem_trace.dylib
0x0000000009ff7000 	/usr/lib/system/libunc.dylib
0x0000000009ff7000 	/usr/lib/system/libunwind.dylib
0x0000000009ff7000 	/usr/lib/system/libxpc.dylib
0x0000000009ff7000 	/usr/lib/libbz2.1.0.dylib
0x0000000009ff7000 	/usr/lib/liblzma.5.dylib
0x0000000009ff7000 	/usr/lib/libbsm.0.dylib
0x0000000009ff7000 	/usr/lib/libsqlite3.dylib
0x0000000009ff7000 	/usr/lib/system/libkxld.dylib
0x0000000009ff7000 	/usr/lib/libxar.1.dylib
0x0000000009ff7000 	/usr/lib/libpam.2.dylib
0x0000000009ff7000 	/usr/lib/libOpenScriptingUtil.dylib
0x0000000009ff7000 	/System/Library/Frameworks/CoreServices.framework/Versions/A/Frameworks/FSEvents.framework/Versions/A/FSEvents
0x0000000009ff7000 	/System/Library/Frameworks/CoreServices.framework/Versions/A/Frameworks/CarbonCore.framework/Versions/A/CarbonCore
0x0000000009ff7000 	/System/Library/Frameworks/CoreServices.framework/Versions/A/Frameworks/Metadata.framework/Versions/A/Metadata
0x0000000009ff7000 	/System/Library/Frameworks/CoreServices.framework/Versions/A/Frameworks/OSServices.framework/Versions/A/OSServices
0x0000000009ff7000 	/System/Library/Frameworks/CoreServices.framework/Versions/A/Frameworks/SearchKit.framework/Versions/A/SearchKit
0x0000000009ff7000 	/System/Library/Frameworks/CoreServices.framework/Versions/A/Frameworks/AE.framework/Versions/A/AE
0x0000000009ff7000 	/System/Library/Frameworks/CoreServices.framework/Versions/A/Frameworks/LaunchServices.framework/Versions/A/LaunchServices
0x0000000009ff7000 	/System/Library/Frameworks/CoreServices.framework/Versions/A/Frameworks/DictionaryServices.framework/Versions/A/DictionaryServices
0x0000000009ff7000 	/System/Library/Frameworks/NetFS.framework/Versions/A/NetFS
0x0000000009ff7000 	/System/Library/PrivateFrameworks/NetAuth.framework/Versions/A/NetAuth
0x0000000009ff7000 	/System/Library/PrivateFrameworks/login.framework/Versions/A/Frameworks/loginsupport.framework/Versions/A/loginsupport
0x0000000009ff7000 	/System/Library/PrivateFrameworks/TCC.framework/Versions/A/TCC
0x0000000009ff7000 	/usr/lib/libmecabra.dylib
0x0000000009ff7000 	/System/Library/Frameworks/ApplicationServices.framework/Versions/A/Frameworks/ATS.framework/Versions/A/ATS
0x0000000009ff7000 	/System/Library/Frameworks/ApplicationServices.framework/Versions/A/Frameworks/ColorSync.framework/Versions/A/ColorSync
0x0000000009ff7000 	/System/Library/Frameworks/ApplicationServices.framework/Versions/A/Frameworks/HIServices.framework/Versions/A/HIServices
0x0000000009ff7000 	/System/Library/Frameworks/ApplicationServices.framework/Versions/A/Frameworks/LangAnalysis.framework/Versions/A/LangAnalysis
0x0000000009ff7000 	/System/Library/Frameworks/ApplicationServices.framework/Versions/A/Frameworks/PrintCore.framework/Versions/A/PrintCore
0x0000000009ff7000 	/System/Library/Frameworks/ApplicationServices.framework/Versions/A/Frameworks/QD.framework/Versions/A/QD
0x0000000009ff7000 	/System/Library/Frameworks/ApplicationServices.framework/Versions/A/Frameworks/SpeechSynthesis.framework/Versions/A/SpeechSynthesis
0x0000000009ff7000 	/System/Library/Frameworks/Accelerate.framework/Versions/A/Accelerate
0x0000000009ff7000 	/System/Library/Frameworks/Accelerate.framework/Versions/A/Frameworks/vImage.framework/Versions/A/vImage
0x0000000009ff7000 	/System/Library/Frameworks/Accelerate.framework/Versions/A/Frameworks/vecLib.framework/Versions/A/vecLib
0x0000000009ff7000 	/System/Library/Frameworks/Accelerate.framework/Versions/A/Frameworks/vecLib.framework/Versions/A/libvDSP.dylib
0x0000000009ff7000 	/System/Library/Frameworks/Accelerate.framework/Versions/A/Frameworks/vecLib.framework/Versions/A/libvMisc.dylib
0x0000000009ff7000 	/System/Library/Frameworks/Accelerate.framework/Versions/A/Frameworks/vecLib.framework/Versions/A/libLAPACK.dylib
0x0000000009ff7000 	/System/Library/Frameworks/Accelerate.framework/Versions/A/Frameworks/vecLib.framework/Versions/A/libBLAS.dylib
0x0000000009ff7000 	/System/Library/Frameworks/Accelerate.framework/Versions/A/Frameworks/vecLib.framework/Versions/A/libLinearAlgebra.dylib
0x0000000009ff7000 	/System/Library/Frameworks/ApplicationServices.framework/Versions/A/Frameworks/ATS.framework/Versions/A/Resources/libFontParser.dylib
0x0000000009ff7000 	/System/Library/Frameworks/ApplicationServices.framework/Versions/A/Frameworks/ATS.framework/Versions/A/Resources/libFontRegistry.dylib
0x0000000009ff7000 	/System/Library/PrivateFrameworks/AppleVPA.framework/Versions/A/AppleVPA
0x0000000009ff7000 	/System/Library/PrivateFrameworks/AppleJPEG.framework/Versions/A/AppleJPEG
0x0000000009ff7000 	/System/Library/Frameworks/ImageIO.framework/Versions/A/Resources/libJPEG.dylib
0x0000000009ff7000 	/System/Library/Frameworks/ImageIO.framework/Versions/A/Resources/libTIFF.dylib
0x0000000009ff7000 	/System/Library/Frameworks/ImageIO.framework/Versions/A/Resources/libPng.dylib
0x0000000009ff7000 	/System/Library/Frameworks/ImageIO.framework/Versions/A/Resources/libGIF.dylib
0x0000000009ff7000 	/System/Library/Frameworks/ImageIO.framework/Versions/A/Resources/libJP2.dylib
0x0000000009ff7000 	/System/Library/Frameworks/ImageIO.framework/Versions/A/Resources/libRadiance.dylib
0x0000000009ff7000 	/System/Library/Frameworks/CoreVideo.framework/Versions/A/CoreVideo
0x0000000009ff7000 	/System/Library/Frameworks/OpenGL.framework/Versions/A/Libraries/libGLU.dylib
0x0000000009ff7000 	/System/Library/Frameworks/OpenGL.framework/Versions/A/Libraries/libGFXShared.dylib
0x0000000009ff7000 	/System/Library/Frameworks/OpenGL.framework/Versions/A/Libraries/libGL.dylib
0x0000000009ff7000 	/System/Library/Frameworks/OpenGL.framework/Versions/A/Libraries/libGLImage.dylib
0x0000000009ff7000 	/System/Library/Frameworks/OpenGL.framework/Versions/A/Libraries/libCVMSPluginSupport.dylib
0x0000000009ff7000 	/System/Library/Frameworks/OpenGL.framework/Versions/A/Libraries/libCoreVMClient.dylib
0x0000000009ff7000 	/usr/lib/libcups.2.dylib
0x0000000009ff7000 	/System/Library/Frameworks/Kerberos.framework/Versions/A/Kerberos
0x0000000009ff7000 	/System/Library/Frameworks/GSS.framework/Versions/A/GSS
0x0000000009ff7000 	/usr/lib/libresolv.9.dylib
0x0000000009ff7000 	/usr/lib/libiconv.2.dylib
0x0000000009ff7000 	/System/Library/PrivateFrameworks/Heimdal.framework/Versions/A/Heimdal
0x0000000009ff7000 	/usr/lib/libheimdal-asn1.dylib
0x0000000009ff7000 	/System/Library/Frameworks/OpenDirectory.framework/Versions/A/OpenDirectory
0x0000000009ff7000 	/System/Library/PrivateFrameworks/CommonAuth.framework/Versions/A/CommonAuth
0x0000000009ff7000 	/System/Library/Frameworks/OpenDirectory.framework/Versions/A/Frameworks/CFOpenDirectory.framework/Versions/A/CFOpenDirectory
0x0000000009ff7000 	/System/Library/Frameworks/SecurityFoundation.framework/Versions/A/SecurityFoundation
0x0000000009ff7000 	/System/Library/PrivateFrameworks/LanguageModeling.framework/Versions/A/LanguageModeling
0x0000000009ff7000 	/usr/lib/libcmph.dylib
0x0000000009ff7000 	/System/Library/Frameworks/ServiceManagement.framework/Versions/A/ServiceManagement
0x0000000009ff7000 	/usr/lib/libxslt.1.dylib
0x0000000009ff7000 	/System/Library/Frameworks/Carbon.framework/Versions/A/Frameworks/Ink.framework/Versions/A/Ink
0x0000000009ff7000 	/System/Library/Frameworks/QuartzCore.framework/Versions/A/Frameworks/CoreImage.framework/Versions/A/CoreImage
0x0000000009ff7000 	/System/Library/PrivateFrameworks/CrashReporterSupport.framework/Versions/A/CrashReporterSupport
0x0000000009ff7000 	/System/Library/Frameworks/OpenCL.framework/Versions/A/OpenCL
0x0000000009ff7000 	/System/Library/PrivateFrameworks/FaceCore.framework/Versions/A/FaceCore
0x0000000009ff7000 	/System/Library/PrivateFrameworks/Ubiquity.framework/Versions/A/Ubiquity
0x0000000009ff7000 	/System/Library/PrivateFrameworks/IconServices.framework/Versions/A/IconServices
0x0000000009ff7000 	/System/Library/PrivateFrameworks/ChunkingLibrary.framework/Versions/A/ChunkingLibrary
0x0000000009ff7000 	/System/Library/PrivateFrameworks/Apple80211.framework/Versions/A/Apple80211
0x0000000009ff7000 	/System/Library/Frameworks/CoreWLAN.framework/Versions/A/CoreWLAN
0x0000000009ff7000 	/System/Library/Frameworks/IOBluetooth.framework/Versions/A/IOBluetooth
0x0000000009ff7000 	/System/Library/PrivateFrameworks/CoreWiFi.framework/Versions/A/CoreWiFi
0x0000000009ff7000 	/System/Library/Frameworks/CoreBluetooth.framework/Versions/A/CoreBluetooth
0x0000000009ff7000 	/System/Library/PrivateFrameworks/DebugSymbols.framework/Versions/A/DebugSymbols
0x0000000009ff7000 	/System/Library/PrivateFrameworks/CoreSymbolication.framework/Versions/A/CoreSymbolication
0x0000000009ff7000 	/System/Library/PrivateFrameworks/Symbolication.framework/Versions/A/Symbolication
0x0000000009ff7000 	/System/Library/PrivateFrameworks/SpeechRecognitionCore.framework/Versions/A/SpeechRecognitionCore
0x000000010d200000 	/Library/Java/JavaVirtualMachines/jdk1.8.0_101.jdk/Contents/Home/jre/lib/server/libjvm.dylib
0x0000000009ff7000 	/usr/lib/libstdc++.6.dylib
0x000000010c197000 	/Library/Java/JavaVirtualMachines/jdk1.8.0_101.jdk/Contents/Home/jre/lib/libverify.dylib
0x000000010c1a5000 	/Library/Java/JavaVirtualMachines/jdk1.8.0_101.jdk/Contents/Home/jre/lib/libjava.dylib
0x000000010c1e4000 	/Library/Java/JavaVirtualMachines/jdk1.8.0_101.jdk/Contents/Home/jre/lib/libzip.dylib
0x0000000129d4c000 	/System/Library/Frameworks/JavaVM.framework/Frameworks/JavaRuntimeSupport.framework/JavaRuntimeSupport
0x0000000129d67000 	/System/Library/Frameworks/JavaVM.framework/Versions/A/Frameworks/JavaNativeFoundation.framework/Versions/A/JavaNativeFoundation
0x000000010c1ed000 	/System/Library/Frameworks/JavaVM.framework/Versions/A/JavaVM
0x0000000009ff7000 	/System/Library/Frameworks/Carbon.framework/Versions/A/Carbon
0x0000000129d7c000 	/System/Library/PrivateFrameworks/JavaLaunching.framework/Versions/A/JavaLaunching
0x0000000009ff7000 	/System/Library/Frameworks/Carbon.framework/Versions/A/Frameworks/CommonPanels.framework/Versions/A/CommonPanels
0x0000000009ff7000 	/System/Library/Frameworks/Carbon.framework/Versions/A/Frameworks/Help.framework/Versions/A/Help
0x0000000009ff7000 	/System/Library/Frameworks/Carbon.framework/Versions/A/Frameworks/ImageCapture.framework/Versions/A/ImageCapture
0x0000000009ff7000 	/System/Library/Frameworks/Carbon.framework/Versions/A/Frameworks/OpenScripting.framework/Versions/A/OpenScripting
0x0000000009ff7000 	/System/Library/Frameworks/Carbon.framework/Versions/A/Frameworks/Print.framework/Versions/A/Print
0x0000000009ff7000 	/System/Library/Frameworks/Carbon.framework/Versions/A/Frameworks/SecurityHI.framework/Versions/A/SecurityHI
0x000000012c43d000 	/Library/Java/JavaVirtualMachines/jdk1.8.0_101.jdk/Contents/Home/jre/lib/libsunec.dylib
0x000000012c46b000 	/Library/Java/JavaVirtualMachines/jdk1.8.0_101.jdk/Contents/Home/jre/lib/libnet.dylib
0x000000012c482000 	/Library/Java/JavaVirtualMachines/jdk1.8.0_101.jdk/Contents/Home/jre/lib/libmanagement.dylib
0x000000012c8ab000 	/Library/Java/JavaVirtualMachines/jdk1.8.0_101.jdk/Contents/Home/jre/lib/libnio.dylib

VM Arguments:
java_command: build/libs/shuffler.jar shuffle --amount 50000000 --session testnet00 --query btcd --blockchain test --crypto real --key cVwkxHBwLMTeC3BBcvfF5WJNRZxyyUg99MDWdFiMungqKFx4VrTm --anon mqXefdJz3q2khxe4wZK24MrXhqE3QZf4VR --change mkDFtXjLxSJzmZ6Nk69S3hJhHQKLJXKohu --port 4000 --peers [{"key":"028c430bcfc38e2346b7268ec7e00d5f2f9d6a674ac18a335d4bcf77b195209481","address":"127.0.0.1:4001"}] --rpcuser admin --rpcpass pass --fee 8000 --time 1490989357000
java_class_path (initial): build/libs/shuffler.jar
Launcher Type: SUN_STANDARD

Environment Variables:
JAVA_HOME=/Library/Java/JavaVirtualMachines/jdk1.8.0_101.jdk/Contents/Home
PATH=/usr/local/bin:/Users/nsa/Downloads/google-cloud-sdk/bin:/usr/local/bin:/usr/bin:/bin:/usr/sbin:/sbin:/usr/local/MacGPG2/bin:/Applications/Wireshark.app/Contents/MacOS:/usr/local/opt/go/libexec/bin
SHELL=/bin/bash

Signal Handlers:
SIGSEGV: [libjvm.dylib+0x5af145], sa_mask[0]=11111111011111110111111111111111, sa_flags=SA_ONSTACK|SA_RESTART|SA_SIGINFO
SIGBUS: [libjvm.dylib+0x5af145], sa_mask[0]=11111111011111110111111111111111, sa_flags=SA_RESTART|SA_SIGINFO
SIGFPE: [libjvm.dylib+0x48694c], sa_mask[0]=11111111011111110111111111111111, sa_flags=SA_RESTART|SA_SIGINFO
SIGPIPE: [libjvm.dylib+0x48694c], sa_mask[0]=11111111011111110111111111111111, sa_flags=SA_RESTART|SA_SIGINFO
SIGXFSZ: [libjvm.dylib+0x48694c], sa_mask[0]=11111111011111110111111111111111, sa_flags=SA_RESTART|SA_SIGINFO
SIGILL: [libjvm.dylib+0x48694c], sa_mask[0]=11111111011111110111111111111111, sa_flags=SA_RESTART|SA_SIGINFO
SIGUSR1: SIG_DFL, sa_mask[0]=11011111011111100000000111000110, sa_flags=none
SIGUSR2: [libjvm.dylib+0x48646a], sa_mask[0]=00000000000000000000000000000000, sa_flags=SA_RESTART|SA_SIGINFO
SIGHUP: [libjvm.dylib+0x484a41], sa_mask[0]=11111111011111110111111111111111, sa_flags=SA_RESTART|SA_SIGINFO
SIGINT: [libjvm.dylib+0x484a41], sa_mask[0]=11111111011111110111111111111111, sa_flags=SA_RESTART|SA_SIGINFO
SIGTERM: [libjvm.dylib+0x484a41], sa_mask[0]=11111111011111110111111111111111, sa_flags=SA_RESTART|SA_SIGINFO
SIGQUIT: [libjvm.dylib+0x484a41], sa_mask[0]=11111111011111110111111111111111, sa_flags=SA_RESTART|SA_SIGINFO


---------------  S Y S T E M  ---------------

OS:Bsduname:Darwin 14.4.0 Darwin Kernel Version 14.4.0: Thu May 28 11:35:04 PDT 2015; root:xnu-2782.30.5~1/RELEASE_X86_64 x86_64
rlimit: STACK 8192k, CORE 0k, NPROC 709, NOFILE 10240, AS infinity
load average:1.85 1.96 1.99

CPU:total 8 (4 cores per cpu, 2 threads per core) family 6 model 70 stepping 1, cmov, cx8, fxsr, mmx, sse, sse2, sse3, ssse3, sse4.1, sse4.2, popcnt, avx, avx2, aes, clmul, erms, lzcnt, ht, tsc, tscinvbit, bmi1, bmi2

Memory: 4k page, physical 16777216k(2624296k free)

/proc/meminfo:


vm_info: Java HotSpot(TM) 64-Bit Server VM (25.101-b13) for bsd-amd64 JRE (1.8.0_101-b13), built on Jun 22 2016 02:42:15 by "java_re" with gcc 4.2.1 (Based on Apple Inc. build 5658) (LLVM build 2336.11.00)

time: Fri Mar 31 15:42:47 2017
elapsed time: 22 seconds (0d 0h 0m 22s)

