#
# A fatal error has been detected by the Java Runtime Environment:
#
#  SIGBUS (0xa) at pc=0x000000010619ce92, pid=27581, tid=0x0000000000005d03
#
# JRE version: Java(TM) SE Runtime Environment (8.0_101-b13) (build 1.8.0_101-b13)
# Java VM: Java HotSpot(TM) 64-Bit Server VM (25.101-b13 mixed mode bsd-amd64 compressed oops)
# Problematic frame:
# C  [libzip.dylib+0x2e92]  newEntry+0x154
#
# Failed to write core dump. Core dumps have been disabled. To enable core dumping, try "ulimit -c unlimited" before starting Java again
#
# If you would like to submit a bug report, please visit:
#   http://bugreport.java.com/bugreport/crash.jsp
# The crash happened outside the Java Virtual Machine in native code.
# See problematic frame for where to report the bug.
#

---------------  T H R E A D  ---------------

Current thread (0x00007f8e0c171000):  JavaThread "Thread-2" [_thread_in_native, id=23811, stack(0x0000000126b1b000,0x0000000126c1b000)]

siginfo: si_signo: 10 (SIGBUS), si_code: 2 (BUS_ADRERR), si_addr: 0x0000000125fd4a52

Registers:
RAX=0x00007f8e0ac3a870, RBX=0x0000000125fd4a46, RCX=0x0000000000000001, RDX=0x0000000000000008
RSP=0x0000000126c18400, RBP=0x0000000126c18460, RSI=0x00007f8e0ae00000, RDI=0x0000000106026200
R8 =0x0000000000000004, R9 =0x00000000c0000000, R10=0x0000000000000012, R11=0x00007f8e0ae00000
R12=0x0000000125f98000, R13=0x0000000000000760, R14=0x0000000085158d5c, R15=0x00007f8e0ae95450
RIP=0x000000010619ce92, EFLAGS=0x0000000000010202, ERR=0x0000000000000004
  TRAPNO=0x000000000000000e

Top of Stack: (sp=0x0000000126c18400)
0x0000000126c18400:   0000000126c19670 0000000026c19670
0x0000000126c18410:   0000000126c18470 00007fff9791dd3d
0x0000000126c18420:   0000000126c18440 00007f8e0ac3a870
0x0000000126c18430:   00007f8e0ae09390 00007f8e0ac3a870
0x0000000126c18440:   0000000125f98000 0000000000000760
0x0000000126c18450:   0000000085158d5c 00007f8e0ae95450
0x0000000126c18460:   0000000126c184c0 000000010619d52d
0x0000000126c18470:   0000000126c18502 0000000126c18501
0x0000000126c18480:   0000002200000000 0000002301171000
0x0000000126c18490:   0000000126c184de 0000000126c18928
0x0000000126c184a0:   0000000000000023 0000000126c184de
0x0000000126c184b0:   00007f8e0ac3a870 00007f8e0c1711f8
0x0000000126c184c0:   0000000126c18910 000000010619c238
0x0000000126c184d0:   0000000126c18530 6f637fff00000001
0x0000000126c184e0:   6c66667568732f6d 6f432f7032702f65
0x0000000126c184f0:   6550247463656e6e 73616c632e737265
0x0000000126c18500:   0000000126c10073 00000000ffffffd0
0x0000000126c18510:   0000000000000030 0000000126c186a8
0x0000000126c18520:   0000000107808de2 00000000ffffffd0
0x0000000126c18530:   0000000126c18960 00007fff97927fe6
0x0000000126c18540:   0000000000000000 0000000126c186d8
0x0000000126c18550:   00000001077e5c65 0000000000000001
0x0000000126c18560:   0000000126c18990 00007fff9792806d
0x0000000126c18570:   0000000000000000 000000000000002b
0x0000000126c18580:   0000002b077dae19 0000000126c19030
0x0000000126c18590:   00007fff7e7246b8 00000000ffffffff
0x0000000126c185a0:   0000000000000000 0000003021b11378
0x0000000126c185b0:   0000000000000001 0000000107808de0
0x0000000126c185c0:   ffffffd0ffffffff 0000000000000001
0x0000000126c185d0:   00007f8e0ac32a9c 0000000000000030
0x0000000126c185e0:   0000000000000001 0000000000000001
0x0000000126c185f0:   0000000000000000 0000000000000000 

Instructions: (pc=0x000000010619ce92)
0x000000010619ce72:   49 8b 7f 38 e8 5b 1b 00 00 4d 89 77 38 49 89 5f
0x000000010619ce82:   40 4c 89 f0 48 85 c0 0f 84 11 05 00 00 48 89 c3
0x000000010619ce92:   0f b6 43 0c 0f b6 4b 0d 48 c1 e1 08 48 01 c1 0f
0x000000010619cea2:   b6 43 0e 0f b6 53 0f 48 c1 e2 08 48 01 c2 48 c1 

Register to memory mapping:

RAX=0x00007f8e0ac3a870 is an unknown value
RBX=0x0000000125fd4a46 is an unknown value
RCX=0x0000000000000001 is an unknown value
RDX=0x0000000000000008 is an unknown value
RSP=0x0000000126c18400 is pointing into the stack for thread: 0x00007f8e0c171000
RBP=0x0000000126c18460 is pointing into the stack for thread: 0x00007f8e0c171000
RSI=0x00007f8e0ae00000 is an unknown value
RDI=0x0000000106026200 is an unknown value
R8 =0x0000000000000004 is an unknown value
R9 =0x00000000c0000000 is an unknown value
R10=0x0000000000000012 is an unknown value
R11=0x00007f8e0ae00000 is an unknown value
R12=0x0000000125f98000 is an unknown value
R13=0x0000000000000760 is an unknown value
R14=0x0000000085158d5c is an unknown value
R15=0x00007f8e0ae95450 is an unknown value


Stack: [0x0000000126b1b000,0x0000000126c1b000],  sp=0x0000000126c18400,  free space=1013k
Native frames: (J=compiled Java code, j=interpreted, Vv=VM code, C=native code)
C  [libzip.dylib+0x2e92]  newEntry+0x154
C  [libzip.dylib+0x352d]  ZIP_GetEntry2+0xd4
C  [libzip.dylib+0x2238]  Java_java_util_zip_ZipFile_getEntry+0xcf
J 91  java.util.zip.ZipFile.getEntry(J[BZ)J (0 bytes) @ 0x00000001083d64ce [0x00000001083d6400+0xce]
J 846 C2 java.util.jar.JarFile.getEntry(Ljava/lang/String;)Ljava/util/zip/ZipEntry; (22 bytes) @ 0x00000001085d9c0c [0x00000001085d98a0+0x36c]
J 866 C2 sun.misc.URLClassPath$JarLoader.getResource(Ljava/lang/String;Z)Lsun/misc/Resource; (85 bytes) @ 0x00000001085e5820 [0x00000001085e5600+0x220]
J 1036 C2 sun.misc.URLClassPath.getResource(Ljava/lang/String;Z)Lsun/misc/Resource; (83 bytes) @ 0x0000000108649334 [0x0000000108649220+0x114]
J 245 C1 java.net.URLClassLoader$1.run()Ljava/lang/Class; (63 bytes) @ 0x0000000108425d7c [0x0000000108425b60+0x21c]
J 244 C1 java.net.URLClassLoader$1.run()Ljava/lang/Object; (5 bytes) @ 0x00000001084257cc [0x0000000108425740+0x8c]
v  ~StubRoutines::call_stub
V  [libjvm.dylib+0x2ecf06]  JavaCalls::call_helper(JavaValue*, methodHandle*, JavaCallArguments*, Thread*)+0x6ae
V  [libjvm.dylib+0x34d69c]  JVM_DoPrivileged+0x4b8
J 243  java.security.AccessController.doPrivileged(Ljava/security/PrivilegedExceptionAction;Ljava/security/AccessControlContext;)Ljava/lang/Object; (0 bytes) @ 0x0000000108425495 [0x00000001084253c0+0xd5]
J 216 C1 java.net.URLClassLoader.findClass(Ljava/lang/String;)Ljava/lang/Class; (47 bytes) @ 0x00000001084179d4 [0x0000000108417840+0x194]
J 193 C1 java.lang.ClassLoader.loadClass(Ljava/lang/String;Z)Ljava/lang/Class; (122 bytes) @ 0x0000000108409ca4 [0x0000000108409340+0x964]
J 234 C1 sun.misc.Launcher$AppClassLoader.loadClass(Ljava/lang/String;Z)Ljava/lang/Class; (85 bytes) @ 0x0000000108422364 [0x00000001084219c0+0x9a4]
J 233 C1 java.lang.ClassLoader.loadClass(Ljava/lang/String;)Ljava/lang/Class; (7 bytes) @ 0x0000000108420b84 [0x0000000108420a80+0x104]
v  ~StubRoutines::call_stub
V  [libjvm.dylib+0x2ecf06]  JavaCalls::call_helper(JavaValue*, methodHandle*, JavaCallArguments*, Thread*)+0x6ae
V  [libjvm.dylib+0x2ed694]  JavaCalls::call_virtual(JavaValue*, KlassHandle, Symbol*, Symbol*, JavaCallArguments*, Thread*)+0x164
V  [libjvm.dylib+0x2ed7ec]  JavaCalls::call_virtual(JavaValue*, Handle, KlassHandle, Symbol*, Symbol*, Handle, Thread*)+0x56
V  [libjvm.dylib+0x53a818]  SystemDictionary::load_instance_class(Symbol*, Handle, Thread*)+0x2d8
V  [libjvm.dylib+0x539fb1]  SystemDictionary::resolve_instance_class_or_null(Symbol*, Handle, Handle, Thread*)+0x48f
V  [libjvm.dylib+0x53aa34]  SystemDictionary::resolve_or_null(Symbol*, Handle, Handle, Thread*)+0x106
V  [libjvm.dylib+0x53b0e7]  SystemDictionary::resolve_or_fail(Symbol*, Handle, Handle, bool, Thread*)+0x31
V  [libjvm.dylib+0x1e2582]  ConstantPool::klass_at_impl(constantPoolHandle, int, Thread*)+0x2ee
V  [libjvm.dylib+0x1f29ae]  ConstantPool::klass_at(int, Thread*)+0x92
V  [libjvm.dylib+0x2e8943]  InterpreterRuntime::_new(JavaThread*, ConstantPool*, int)+0x2d
j  com.shuffle.p2p.Connect.connect(Ljava/util/SortedSet;I)Lcom/shuffle/p2p/Collector;+33
j  com.shuffle.player.Player$Running.playInner(Lcom/shuffle/chan/Chan;)Lcom/shuffle/player/Player$Report;+76
j  com.shuffle.player.Player$Running.access$1200(Lcom/shuffle/player/Player$Running;Lcom/shuffle/chan/Chan;)Lcom/shuffle/player/Player$Report;+2
j  com.shuffle.player.Player$Running$1.run()V+12
j  java.lang.Thread.run()V+11
v  ~StubRoutines::call_stub
V  [libjvm.dylib+0x2ecf06]  JavaCalls::call_helper(JavaValue*, methodHandle*, JavaCallArguments*, Thread*)+0x6ae
V  [libjvm.dylib+0x2ed694]  JavaCalls::call_virtual(JavaValue*, KlassHandle, Symbol*, Symbol*, JavaCallArguments*, Thread*)+0x164
V  [libjvm.dylib+0x2ed840]  JavaCalls::call_virtual(JavaValue*, Handle, KlassHandle, Symbol*, Symbol*, Thread*)+0x4a
V  [libjvm.dylib+0x348029]  thread_entry(JavaThread*, Thread*)+0x7c
V  [libjvm.dylib+0x5695ab]  JavaThread::thread_main_inner()+0x9b
V  [libjvm.dylib+0x56ac98]  JavaThread::run()+0x1c2
V  [libjvm.dylib+0x48933a]  java_start(Thread*)+0xf6
C  [libsystem_pthread.dylib+0x3268]  _pthread_body+0x83
C  [libsystem_pthread.dylib+0x31e5]  _pthread_body+0x0
C  [libsystem_pthread.dylib+0x141d]  thread_start+0xd
C  0x0000000000000000

Java frames: (J=compiled Java code, j=interpreted, Vv=VM code)
J 91  java.util.zip.ZipFile.getEntry(J[BZ)J (0 bytes) @ 0x00000001083d6458 [0x00000001083d6400+0x58]
J 846 C2 java.util.jar.JarFile.getEntry(Ljava/lang/String;)Ljava/util/zip/ZipEntry; (22 bytes) @ 0x00000001085d9c0c [0x00000001085d98a0+0x36c]
J 866 C2 sun.misc.URLClassPath$JarLoader.getResource(Ljava/lang/String;Z)Lsun/misc/Resource; (85 bytes) @ 0x00000001085e5820 [0x00000001085e5600+0x220]
J 1036 C2 sun.misc.URLClassPath.getResource(Ljava/lang/String;Z)Lsun/misc/Resource; (83 bytes) @ 0x0000000108649334 [0x0000000108649220+0x114]
J 245 C1 java.net.URLClassLoader$1.run()Ljava/lang/Class; (63 bytes) @ 0x0000000108425d7c [0x0000000108425b60+0x21c]
J 244 C1 java.net.URLClassLoader$1.run()Ljava/lang/Object; (5 bytes) @ 0x00000001084257cc [0x0000000108425740+0x8c]
v  ~StubRoutines::call_stub
J 243  java.security.AccessController.doPrivileged(Ljava/security/PrivilegedExceptionAction;Ljava/security/AccessControlContext;)Ljava/lang/Object; (0 bytes) @ 0x0000000108425423 [0x00000001084253c0+0x63]
J 216 C1 java.net.URLClassLoader.findClass(Ljava/lang/String;)Ljava/lang/Class; (47 bytes) @ 0x00000001084179d4 [0x0000000108417840+0x194]
J 193 C1 java.lang.ClassLoader.loadClass(Ljava/lang/String;Z)Ljava/lang/Class; (122 bytes) @ 0x0000000108409ca4 [0x0000000108409340+0x964]
J 234 C1 sun.misc.Launcher$AppClassLoader.loadClass(Ljava/lang/String;Z)Ljava/lang/Class; (85 bytes) @ 0x0000000108422364 [0x00000001084219c0+0x9a4]
J 233 C1 java.lang.ClassLoader.loadClass(Ljava/lang/String;)Ljava/lang/Class; (7 bytes) @ 0x0000000108420b84 [0x0000000108420a80+0x104]
v  ~StubRoutines::call_stub
j  com.shuffle.p2p.Connect.connect(Ljava/util/SortedSet;I)Lcom/shuffle/p2p/Collector;+33
j  com.shuffle.player.Player$Running.playInner(Lcom/shuffle/chan/Chan;)Lcom/shuffle/player/Player$Report;+76
j  com.shuffle.player.Player$Running.access$1200(Lcom/shuffle/player/Player$Running;Lcom/shuffle/chan/Chan;)Lcom/shuffle/player/Player$Report;+2
j  com.shuffle.player.Player$Running$1.run()V+12
j  java.lang.Thread.run()V+11
v  ~StubRoutines::call_stub

---------------  P R O C E S S  ---------------

Java Threads: ( => current thread )
=>0x00007f8e0c171000 JavaThread "Thread-2" [_thread_in_native, id=23811, stack(0x0000000126b1b000,0x0000000126c1b000)]
  0x00007f8e0b15b800 JavaThread "Thread-1" [_thread_in_native, id=23559, stack(0x00000001269fc000,0x0000000126afc000)]
  0x00007f8e0d90a000 JavaThread "bitcoinj user thread" daemon [_thread_blocked, id=21763, stack(0x000000012629f000,0x000000012639f000)]
  0x00007f8e0c02e000 JavaThread "Service Thread" daemon [_thread_blocked, id=20739, stack(0x0000000125c27000,0x0000000125d27000)]
  0x00007f8e0b813800 JavaThread "C1 CompilerThread3" daemon [_thread_blocked, id=20227, stack(0x0000000125b24000,0x0000000125c24000)]
  0x00007f8e0b01a800 JavaThread "C2 CompilerThread2" daemon [_thread_blocked, id=19715, stack(0x0000000125a21000,0x0000000125b21000)]
  0x00007f8e0b813000 JavaThread "C2 CompilerThread1" daemon [_thread_blocked, id=19203, stack(0x000000012591e000,0x0000000125a1e000)]
  0x00007f8e0c02a800 JavaThread "C2 CompilerThread0" daemon [_thread_blocked, id=18691, stack(0x000000012581b000,0x000000012591b000)]
  0x00007f8e0c001000 JavaThread "Signal Dispatcher" daemon [_thread_blocked, id=14615, stack(0x0000000125718000,0x0000000125818000)]
  0x00007f8e0b014800 JavaThread "Finalizer" daemon [_thread_blocked, id=13571, stack(0x0000000123cfd000,0x0000000123dfd000)]
  0x00007f8e0b012000 JavaThread "Reference Handler" daemon [_thread_blocked, id=13059, stack(0x0000000123bfa000,0x0000000123cfa000)]
  0x00007f8e0d801800 JavaThread "main" [_thread_blocked, id=4867, stack(0x000000010819e000,0x000000010829e000)]

Other Threads:
  0x00007f8e0d82b800 VMThread [stack: 0x0000000123af7000,0x0000000123bf7000] [id=12547]
  0x00007f8e0c033000 WatcherThread [stack: 0x0000000125d2a000,0x0000000125e2a000] [id=21251]

VM state:not at safepoint (normal execution)

VM Mutex/Monitor currently owned by a thread: None

Heap:
 PSYoungGen      total 76288K, used 65536K [0x000000076ab00000, 0x0000000770000000, 0x00000007c0000000)
  eden space 65536K, 100% used [0x000000076ab00000,0x000000076eb00000,0x000000076eb00000)
  from space 10752K, 0% used [0x000000076f580000,0x000000076f580000,0x0000000770000000)
  to   space 10752K, 0% used [0x000000076eb00000,0x000000076eb00000,0x000000076f580000)
 ParOldGen       total 175104K, used 0K [0x00000006c0000000, 0x00000006cab00000, 0x000000076ab00000)
  object space 175104K, 0% used [0x00000006c0000000,0x00000006c0000000,0x00000006cab00000)
 Metaspace       used 13012K, capacity 13198K, committed 13312K, reserved 1060864K
  class space    used 1643K, capacity 1691K, committed 1792K, reserved 1048576K

Card table byte_map: [0x0000000117660000,0x0000000117e61000] byte_map_base: 0x0000000114060000

Marking Bits: (ParMarkBitMap*) 0x0000000107aedd20
 Begin Bits: [0x0000000118bcf000, 0x000000011cbcf000)
 End Bits:   [0x000000011cbcf000, 0x0000000120bcf000)

Polling page: 0x0000000106190000

CodeCache: size=245760Kb used=3798Kb max_used=3798Kb free=241961Kb
 bounds [0x00000001082a0000, 0x0000000108660000, 0x00000001172a0000]
 total_blobs=1443 nmethods=1054 adapters=303
 compilation: enabled

Compilation events (10 events):
Event: 0.789 Thread 0x00007f8e0b813800 1051       3       java.security.MessageDigest$Delegate::<init> (11 bytes)
Event: 0.789 Thread 0x00007f8e0b813800 nmethod 1051 0x000000010864fd10 code [0x000000010864fe80, 0x0000000108650130]
Event: 0.789 Thread 0x00007f8e0b813800 1052       3       java.nio.ByteBuffer::arrayOffset (35 bytes)
Event: 0.789 Thread 0x00007f8e0b813800 nmethod 1052 0x000000010864f710 code [0x000000010864f8a0, 0x000000010864fbb8]
Event: 0.790 Thread 0x00007f8e0b813800 1053       3       org.json.JSONTokener::nextClean (20 bytes)
Event: 0.790 Thread 0x00007f8e0b813800 nmethod 1053 0x000000010864f250 code [0x000000010864f3c0, 0x000000010864f648]
Event: 0.791 Thread 0x00007f8e0b813800 1054       3       com.google.common.io.BaseEncoding$Alphabet::encode (7 bytes)
Event: 0.791 Thread 0x00007f8e0b813800 nmethod 1054 0x000000010864ee50 code [0x000000010864efc0, 0x000000010864f150]
Event: 0.791 Thread 0x00007f8e0b813800 1055       3       com.google.common.io.GwtWorkarounds$6::write (10 bytes)
Event: 0.791 Thread 0x00007f8e0b813800 nmethod 1055 0x000000010864e5d0 code [0x000000010864e760, 0x000000010864ebc8]

GC Heap History (0 events):
No events

Deoptimization events (10 events):
Event: 0.666 Thread 0x00007f8e0d801800 Uncommon trap: reason=unstable_if action=reinterpret pc=0x00000001084ee854 method=java.util.HashMap.resize()[Ljava/util/HashMap$Node; @ 56
Event: 0.677 Thread 0x00007f8e0d801800 Uncommon trap: reason=unstable_if action=reinterpret pc=0x000000010842fa1c method=java.util.HashMap.getNode(ILjava/lang/Object;)Ljava/util/HashMap$Node; @ 62
Event: 0.678 Thread 0x00007f8e0d801800 Uncommon trap: reason=unstable_if action=reinterpret pc=0x00000001084327d4 method=java.util.HashMap.getNode(ILjava/lang/Object;)Ljava/util/HashMap$Node; @ 62
Event: 0.679 Thread 0x00007f8e0d801800 Uncommon trap: reason=unstable_if action=reinterpret pc=0x00000001085b16b4 method=java.util.LinkedHashMap.afterNodeInsertion(Z)V @ 1
Event: 0.728 Thread 0x00007f8e0d801800 Uncommon trap: reason=range_check action=make_not_entrant pc=0x00000001085ff748 method=sun.reflect.generics.parser.SignatureParser.current()C @ 34
Event: 0.751 Thread 0x00007f8e0d801800 Uncommon trap: reason=bimorphic action=maybe_recompile pc=0x000000010857f09c method=java.util.regex.Pattern$BmpCharProperty.match(Ljava/util/regex/Matcher;ILjava/lang/CharSequence;)Z @ 16
Event: 0.751 Thread 0x00007f8e0d801800 Uncommon trap: reason=bimorphic action=maybe_recompile pc=0x000000010857f09c method=java.util.regex.Pattern$BmpCharProperty.match(Ljava/util/regex/Matcher;ILjava/lang/CharSequence;)Z @ 16
Event: 0.752 Thread 0x00007f8e0d801800 Uncommon trap: reason=bimorphic action=maybe_recompile pc=0x000000010857f09c method=java.util.regex.Pattern$BmpCharProperty.match(Ljava/util/regex/Matcher;ILjava/lang/CharSequence;)Z @ 16
Event: 0.752 Thread 0x00007f8e0d801800 Uncommon trap: reason=bimorphic action=maybe_recompile pc=0x000000010857f09c method=java.util.regex.Pattern$BmpCharProperty.match(Ljava/util/regex/Matcher;ILjava/lang/CharSequence;)Z @ 16
Event: 0.792 Thread 0x00007f8e0c171000 Uncommon trap: reason=null_check action=make_not_entrant pc=0x000000010857354c method=java.lang.StringCoding.deref(Ljava/lang/ThreadLocal;)Ljava/lang/Object; @ 4

Internal exceptions (10 events):
Event: 0.157 Thread 0x00007f8e0d801800 Exception <a 'java/security/PrivilegedActionException'> (0x000000076b0f0fb0) thrown at [/HUDSON3/workspace/8-2-build-macosx-x86_64/jdk8u101/7261/hotspot/src/share/vm/prims/jvm.cpp, line 1386]
Event: 0.157 Thread 0x00007f8e0d801800 Exception <a 'java/security/PrivilegedActionException'> (0x000000076b0f11c0) thrown at [/HUDSON3/workspace/8-2-build-macosx-x86_64/jdk8u101/7261/hotspot/src/share/vm/prims/jvm.cpp, line 1386]
Event: 0.157 Thread 0x00007f8e0d801800 Exception <a 'java/security/PrivilegedActionException'> (0x000000076b0f44c8) thrown at [/HUDSON3/workspace/8-2-build-macosx-x86_64/jdk8u101/7261/hotspot/src/share/vm/prims/jvm.cpp, line 1386]
Event: 0.157 Thread 0x00007f8e0d801800 Exception <a 'java/security/PrivilegedActionException'> (0x000000076b0f46d8) thrown at [/HUDSON3/workspace/8-2-build-macosx-x86_64/jdk8u101/7261/hotspot/src/share/vm/prims/jvm.cpp, line 1386]
Event: 0.352 Thread 0x00007f8e0d801800 Implicit null exception at 0x00000001084d7bed to 0x00000001084d7ca1
Event: 0.484 Thread 0x00007f8e0d801800 Implicit null exception at 0x00000001084dbcf5 to 0x00000001084dbd79
Event: 0.728 Thread 0x00007f8e0d801800 Exception <a 'java/lang/ArrayIndexOutOfBoundsException': 71> (0x000000076e433b48) thrown at [/HUDSON3/workspace/8-2-build-macosx-x86_64/jdk8u101/7261/hotspot/src/share/vm/interpreter/interpreterRuntime.cpp, line 366]
Event: 0.729 Thread 0x00007f8e0d801800 Exception <a 'java/lang/ArrayIndexOutOfBoundsException': 18> (0x000000076e4348c0) thrown at [/HUDSON3/workspace/8-2-build-macosx-x86_64/jdk8u101/7261/hotspot/src/share/vm/interpreter/interpreterRuntime.cpp, line 366]
Event: 0.729 Thread 0x00007f8e0d801800 Exception <a 'java/lang/ArrayIndexOutOfBoundsException': 60> (0x000000076e435878) thrown at [/HUDSON3/workspace/8-2-build-macosx-x86_64/jdk8u101/7261/hotspot/src/share/vm/interpreter/interpreterRuntime.cpp, line 366]
Event: 0.792 Thread 0x00007f8e0c171000 Implicit null exception at 0x0000000108572bb7 to 0x000000010857353d

Events (10 events):
Event: 0.791 loading class com/shuffle/player/Player$Running$1
Event: 0.791 loading class com/shuffle/player/Player$Running$1 done
Event: 0.791 Thread 0x00007f8e0c171000 Thread added: 0x00007f8e0c171000
Event: 0.792 Thread 0x00007f8e0c171000 Uncommon trap: trap_request=0xfffffff4 fr.pc=0x000000010857354c
Event: 0.792 Thread 0x00007f8e0c171000 DEOPT PACKING pc=0x000000010857354c sp=0x0000000126c1a360
Event: 0.792 Thread 0x00007f8e0c171000 DEOPT UNPACKING pc=0x00000001082a5229 sp=0x0000000126c1a268 mode 2
Event: 4.103 Executing VM operation: EnableBiasedLocking
Event: 4.103 Executing VM operation: EnableBiasedLocking done
Event: 25.146 loading class com/shuffle/p2p/Connect$Peers
Event: 25.146 loading class com/shuffle/p2p/Connect$Peers done


Dynamic libraries:
0x000000000c9f0000 	/System/Library/Frameworks/Cocoa.framework/Versions/A/Cocoa
0x000000000c9f0000 	/System/Library/Frameworks/Security.framework/Versions/A/Security
0x000000000c9f0000 	/System/Library/Frameworks/ApplicationServices.framework/Versions/A/ApplicationServices
0x000000000c9f0000 	/usr/lib/libz.1.dylib
0x000000000c9f0000 	/usr/lib/libSystem.B.dylib
0x000000000c9f0000 	/usr/lib/libobjc.A.dylib
0x000000000c9f0000 	/System/Library/Frameworks/CoreFoundation.framework/Versions/A/CoreFoundation
0x000000000c9f0000 	/System/Library/Frameworks/Foundation.framework/Versions/C/Foundation
0x000000000c9f0000 	/System/Library/Frameworks/AppKit.framework/Versions/C/AppKit
0x000000000c9f0000 	/System/Library/Frameworks/CoreData.framework/Versions/A/CoreData
0x000000000c9f0000 	/System/Library/PrivateFrameworks/RemoteViewServices.framework/Versions/A/RemoteViewServices
0x000000000c9f0000 	/System/Library/PrivateFrameworks/UIFoundation.framework/Versions/A/UIFoundation
0x000000000c9f0000 	/System/Library/Frameworks/IOSurface.framework/Versions/A/IOSurface
0x000000000c9f0000 	/System/Library/Frameworks/AudioToolbox.framework/Versions/A/AudioToolbox
0x000000000c9f0000 	/System/Library/Frameworks/AudioUnit.framework/Versions/A/AudioUnit
0x000000000c9f0000 	/System/Library/PrivateFrameworks/DataDetectorsCore.framework/Versions/A/DataDetectorsCore
0x000000000c9f0000 	/System/Library/PrivateFrameworks/DesktopServicesPriv.framework/Versions/A/DesktopServicesPriv
0x000000000c9f0000 	/System/Library/Frameworks/Carbon.framework/Versions/A/Frameworks/HIToolbox.framework/Versions/A/HIToolbox
0x000000000c9f0000 	/System/Library/Frameworks/QuartzCore.framework/Versions/A/QuartzCore
0x000000000c9f0000 	/System/Library/Frameworks/Carbon.framework/Versions/A/Frameworks/SpeechRecognition.framework/Versions/A/SpeechRecognition
0x000000000c9f0000 	/usr/lib/libauto.dylib
0x000000000c9f0000 	/usr/lib/libicucore.A.dylib
0x000000000c9f0000 	/usr/lib/libxml2.2.dylib
0x000000000c9f0000 	/System/Library/PrivateFrameworks/CoreUI.framework/Versions/A/CoreUI
0x000000000c9f0000 	/System/Library/Frameworks/CoreAudio.framework/Versions/A/CoreAudio
0x000000000c9f0000 	/System/Library/Frameworks/DiskArbitration.framework/Versions/A/DiskArbitration
0x000000000c9f0000 	/usr/lib/liblangid.dylib
0x000000000c9f0000 	/System/Library/PrivateFrameworks/MultitouchSupport.framework/Versions/A/MultitouchSupport
0x000000000c9f0000 	/System/Library/Frameworks/IOKit.framework/Versions/A/IOKit
0x000000000c9f0000 	/usr/lib/libDiagnosticMessagesClient.dylib
0x000000000c9f0000 	/System/Library/Frameworks/CoreServices.framework/Versions/A/CoreServices
0x000000000c9f0000 	/System/Library/PrivateFrameworks/PerformanceAnalysis.framework/Versions/A/PerformanceAnalysis
0x000000000c9f0000 	/System/Library/PrivateFrameworks/GenerationalStorage.framework/Versions/A/GenerationalStorage
0x000000000c9f0000 	/System/Library/Frameworks/OpenGL.framework/Versions/A/OpenGL
0x000000000c9f0000 	/System/Library/PrivateFrameworks/Sharing.framework/Versions/A/Sharing
0x000000000c9f0000 	/System/Library/Frameworks/CoreGraphics.framework/Versions/A/CoreGraphics
0x000000000c9f0000 	/System/Library/Frameworks/CoreText.framework/Versions/A/CoreText
0x000000000c9f0000 	/System/Library/Frameworks/ImageIO.framework/Versions/A/ImageIO
0x000000000c9f0000 	/usr/lib/libextension.dylib
0x000000000c9f0000 	/System/Library/PrivateFrameworks/Backup.framework/Versions/A/Backup
0x000000000c9f0000 	/usr/lib/libarchive.2.dylib
0x000000000c9f0000 	/System/Library/Frameworks/CFNetwork.framework/Versions/A/CFNetwork
0x000000000c9f0000 	/System/Library/Frameworks/SystemConfiguration.framework/Versions/A/SystemConfiguration
0x000000000c9f0000 	/usr/lib/libCRFSuite.dylib
0x000000000c9f0000 	/usr/lib/libc++.1.dylib
0x000000000c9f0000 	/usr/lib/libc++abi.dylib
0x000000000c9f0000 	/usr/lib/system/libcache.dylib
0x000000000c9f0000 	/usr/lib/system/libcommonCrypto.dylib
0x000000000c9f0000 	/usr/lib/system/libcompiler_rt.dylib
0x000000000c9f0000 	/usr/lib/system/libcopyfile.dylib
0x000000000c9f0000 	/usr/lib/system/libcorecrypto.dylib
0x000000000c9f0000 	/usr/lib/system/libdispatch.dylib
0x000000000c9f0000 	/usr/lib/system/libdyld.dylib
0x000000000c9f0000 	/usr/lib/system/libkeymgr.dylib
0x000000000c9f0000 	/usr/lib/system/liblaunch.dylib
0x000000000c9f0000 	/usr/lib/system/libmacho.dylib
0x000000000c9f0000 	/usr/lib/system/libquarantine.dylib
0x000000000c9f0000 	/usr/lib/system/libremovefile.dylib
0x000000000c9f0000 	/usr/lib/system/libsystem_asl.dylib
0x000000000c9f0000 	/usr/lib/system/libsystem_blocks.dylib
0x000000000c9f0000 	/usr/lib/system/libsystem_c.dylib
0x000000000c9f0000 	/usr/lib/system/libsystem_configuration.dylib
0x000000000c9f0000 	/usr/lib/system/libsystem_coreservices.dylib
0x000000000c9f0000 	/usr/lib/system/libsystem_coretls.dylib
0x000000000c9f0000 	/usr/lib/system/libsystem_dnssd.dylib
0x000000000c9f0000 	/usr/lib/system/libsystem_info.dylib
0x000000000c9f0000 	/usr/lib/system/libsystem_kernel.dylib
0x000000000c9f0000 	/usr/lib/system/libsystem_m.dylib
0x000000000c9f0000 	/usr/lib/system/libsystem_malloc.dylib
0x000000000c9f0000 	/usr/lib/system/libsystem_network.dylib
0x000000000c9f0000 	/usr/lib/system/libsystem_networkextension.dylib
0x000000000c9f0000 	/usr/lib/system/libsystem_notify.dylib
0x000000000c9f0000 	/usr/lib/system/libsystem_platform.dylib
0x000000000c9f0000 	/usr/lib/system/libsystem_pthread.dylib
0x000000000c9f0000 	/usr/lib/system/libsystem_sandbox.dylib
0x000000000c9f0000 	/usr/lib/system/libsystem_secinit.dylib
0x000000000c9f0000 	/usr/lib/system/libsystem_stats.dylib
0x000000000c9f0000 	/usr/lib/system/libsystem_trace.dylib
0x000000000c9f0000 	/usr/lib/system/libunc.dylib
0x000000000c9f0000 	/usr/lib/system/libunwind.dylib
0x000000000c9f0000 	/usr/lib/system/libxpc.dylib
0x000000000c9f0000 	/usr/lib/libbz2.1.0.dylib
0x000000000c9f0000 	/usr/lib/liblzma.5.dylib
0x000000000c9f0000 	/usr/lib/libbsm.0.dylib
0x000000000c9f0000 	/usr/lib/libsqlite3.dylib
0x000000000c9f0000 	/usr/lib/system/libkxld.dylib
0x000000000c9f0000 	/usr/lib/libxar.1.dylib
0x000000000c9f0000 	/usr/lib/libpam.2.dylib
0x000000000c9f0000 	/usr/lib/libOpenScriptingUtil.dylib
0x000000000c9f0000 	/System/Library/Frameworks/CoreServices.framework/Versions/A/Frameworks/FSEvents.framework/Versions/A/FSEvents
0x000000000c9f0000 	/System/Library/Frameworks/CoreServices.framework/Versions/A/Frameworks/CarbonCore.framework/Versions/A/CarbonCore
0x000000000c9f0000 	/System/Library/Frameworks/CoreServices.framework/Versions/A/Frameworks/Metadata.framework/Versions/A/Metadata
0x000000000c9f0000 	/System/Library/Frameworks/CoreServices.framework/Versions/A/Frameworks/OSServices.framework/Versions/A/OSServices
0x000000000c9f0000 	/System/Library/Frameworks/CoreServices.framework/Versions/A/Frameworks/SearchKit.framework/Versions/A/SearchKit
0x000000000c9f0000 	/System/Library/Frameworks/CoreServices.framework/Versions/A/Frameworks/AE.framework/Versions/A/AE
0x000000000c9f0000 	/System/Library/Frameworks/CoreServices.framework/Versions/A/Frameworks/LaunchServices.framework/Versions/A/LaunchServices
0x000000000c9f0000 	/System/Library/Frameworks/CoreServices.framework/Versions/A/Frameworks/DictionaryServices.framework/Versions/A/DictionaryServices
0x000000000c9f0000 	/System/Library/Frameworks/NetFS.framework/Versions/A/NetFS
0x000000000c9f0000 	/System/Library/PrivateFrameworks/NetAuth.framework/Versions/A/NetAuth
0x000000000c9f0000 	/System/Library/PrivateFrameworks/login.framework/Versions/A/Frameworks/loginsupport.framework/Versions/A/loginsupport
0x000000000c9f0000 	/System/Library/PrivateFrameworks/TCC.framework/Versions/A/TCC
0x000000000c9f0000 	/usr/lib/libmecabra.dylib
0x000000000c9f0000 	/System/Library/Frameworks/ApplicationServices.framework/Versions/A/Frameworks/ATS.framework/Versions/A/ATS
0x000000000c9f0000 	/System/Library/Frameworks/ApplicationServices.framework/Versions/A/Frameworks/ColorSync.framework/Versions/A/ColorSync
0x000000000c9f0000 	/System/Library/Frameworks/ApplicationServices.framework/Versions/A/Frameworks/HIServices.framework/Versions/A/HIServices
0x000000000c9f0000 	/System/Library/Frameworks/ApplicationServices.framework/Versions/A/Frameworks/LangAnalysis.framework/Versions/A/LangAnalysis
0x000000000c9f0000 	/System/Library/Frameworks/ApplicationServices.framework/Versions/A/Frameworks/PrintCore.framework/Versions/A/PrintCore
0x000000000c9f0000 	/System/Library/Frameworks/ApplicationServices.framework/Versions/A/Frameworks/QD.framework/Versions/A/QD
0x000000000c9f0000 	/System/Library/Frameworks/ApplicationServices.framework/Versions/A/Frameworks/SpeechSynthesis.framework/Versions/A/SpeechSynthesis
0x000000000c9f0000 	/System/Library/Frameworks/Accelerate.framework/Versions/A/Accelerate
0x000000000c9f0000 	/System/Library/Frameworks/Accelerate.framework/Versions/A/Frameworks/vImage.framework/Versions/A/vImage
0x000000000c9f0000 	/System/Library/Frameworks/Accelerate.framework/Versions/A/Frameworks/vecLib.framework/Versions/A/vecLib
0x000000000c9f0000 	/System/Library/Frameworks/Accelerate.framework/Versions/A/Frameworks/vecLib.framework/Versions/A/libvDSP.dylib
0x000000000c9f0000 	/System/Library/Frameworks/Accelerate.framework/Versions/A/Frameworks/vecLib.framework/Versions/A/libvMisc.dylib
0x000000000c9f0000 	/System/Library/Frameworks/Accelerate.framework/Versions/A/Frameworks/vecLib.framework/Versions/A/libLAPACK.dylib
0x000000000c9f0000 	/System/Library/Frameworks/Accelerate.framework/Versions/A/Frameworks/vecLib.framework/Versions/A/libBLAS.dylib
0x000000000c9f0000 	/System/Library/Frameworks/Accelerate.framework/Versions/A/Frameworks/vecLib.framework/Versions/A/libLinearAlgebra.dylib
0x000000000c9f0000 	/System/Library/Frameworks/ApplicationServices.framework/Versions/A/Frameworks/ATS.framework/Versions/A/Resources/libFontParser.dylib
0x000000000c9f0000 	/System/Library/Frameworks/ApplicationServices.framework/Versions/A/Frameworks/ATS.framework/Versions/A/Resources/libFontRegistry.dylib
0x000000000c9f0000 	/System/Library/PrivateFrameworks/AppleVPA.framework/Versions/A/AppleVPA
0x000000000c9f0000 	/System/Library/PrivateFrameworks/AppleJPEG.framework/Versions/A/AppleJPEG
0x000000000c9f0000 	/System/Library/Frameworks/ImageIO.framework/Versions/A/Resources/libJPEG.dylib
0x000000000c9f0000 	/System/Library/Frameworks/ImageIO.framework/Versions/A/Resources/libTIFF.dylib
0x000000000c9f0000 	/System/Library/Frameworks/ImageIO.framework/Versions/A/Resources/libPng.dylib
0x000000000c9f0000 	/System/Library/Frameworks/ImageIO.framework/Versions/A/Resources/libGIF.dylib
0x000000000c9f0000 	/System/Library/Frameworks/ImageIO.framework/Versions/A/Resources/libJP2.dylib
0x000000000c9f0000 	/System/Library/Frameworks/ImageIO.framework/Versions/A/Resources/libRadiance.dylib
0x000000000c9f0000 	/System/Library/Frameworks/CoreVideo.framework/Versions/A/CoreVideo
0x000000000c9f0000 	/System/Library/Frameworks/OpenGL.framework/Versions/A/Libraries/libGLU.dylib
0x000000000c9f0000 	/System/Library/Frameworks/OpenGL.framework/Versions/A/Libraries/libGFXShared.dylib
0x000000000c9f0000 	/System/Library/Frameworks/OpenGL.framework/Versions/A/Libraries/libGL.dylib
0x000000000c9f0000 	/System/Library/Frameworks/OpenGL.framework/Versions/A/Libraries/libGLImage.dylib
0x000000000c9f0000 	/System/Library/Frameworks/OpenGL.framework/Versions/A/Libraries/libCVMSPluginSupport.dylib
0x000000000c9f0000 	/System/Library/Frameworks/OpenGL.framework/Versions/A/Libraries/libCoreVMClient.dylib
0x000000000c9f0000 	/usr/lib/libcups.2.dylib
0x000000000c9f0000 	/System/Library/Frameworks/Kerberos.framework/Versions/A/Kerberos
0x000000000c9f0000 	/System/Library/Frameworks/GSS.framework/Versions/A/GSS
0x000000000c9f0000 	/usr/lib/libresolv.9.dylib
0x000000000c9f0000 	/usr/lib/libiconv.2.dylib
0x000000000c9f0000 	/System/Library/PrivateFrameworks/Heimdal.framework/Versions/A/Heimdal
0x000000000c9f0000 	/usr/lib/libheimdal-asn1.dylib
0x000000000c9f0000 	/System/Library/Frameworks/OpenDirectory.framework/Versions/A/OpenDirectory
0x000000000c9f0000 	/System/Library/PrivateFrameworks/CommonAuth.framework/Versions/A/CommonAuth
0x000000000c9f0000 	/System/Library/Frameworks/OpenDirectory.framework/Versions/A/Frameworks/CFOpenDirectory.framework/Versions/A/CFOpenDirectory
0x000000000c9f0000 	/System/Library/Frameworks/SecurityFoundation.framework/Versions/A/SecurityFoundation
0x000000000c9f0000 	/System/Library/PrivateFrameworks/LanguageModeling.framework/Versions/A/LanguageModeling
0x000000000c9f0000 	/usr/lib/libcmph.dylib
0x000000000c9f0000 	/System/Library/Frameworks/ServiceManagement.framework/Versions/A/ServiceManagement
0x000000000c9f0000 	/usr/lib/libxslt.1.dylib
0x000000000c9f0000 	/System/Library/Frameworks/Carbon.framework/Versions/A/Frameworks/Ink.framework/Versions/A/Ink
0x000000000c9f0000 	/System/Library/Frameworks/QuartzCore.framework/Versions/A/Frameworks/CoreImage.framework/Versions/A/CoreImage
0x000000000c9f0000 	/System/Library/PrivateFrameworks/CrashReporterSupport.framework/Versions/A/CrashReporterSupport
0x000000000c9f0000 	/System/Library/Frameworks/OpenCL.framework/Versions/A/OpenCL
0x000000000c9f0000 	/System/Library/PrivateFrameworks/FaceCore.framework/Versions/A/FaceCore
0x000000000c9f0000 	/System/Library/PrivateFrameworks/Ubiquity.framework/Versions/A/Ubiquity
0x000000000c9f0000 	/System/Library/PrivateFrameworks/IconServices.framework/Versions/A/IconServices
0x000000000c9f0000 	/System/Library/PrivateFrameworks/ChunkingLibrary.framework/Versions/A/ChunkingLibrary
0x000000000c9f0000 	/System/Library/PrivateFrameworks/Apple80211.framework/Versions/A/Apple80211
0x000000000c9f0000 	/System/Library/Frameworks/CoreWLAN.framework/Versions/A/CoreWLAN
0x000000000c9f0000 	/System/Library/Frameworks/IOBluetooth.framework/Versions/A/IOBluetooth
0x000000000c9f0000 	/System/Library/PrivateFrameworks/CoreWiFi.framework/Versions/A/CoreWiFi
0x000000000c9f0000 	/System/Library/Frameworks/CoreBluetooth.framework/Versions/A/CoreBluetooth
0x000000000c9f0000 	/System/Library/PrivateFrameworks/DebugSymbols.framework/Versions/A/DebugSymbols
0x000000000c9f0000 	/System/Library/PrivateFrameworks/CoreSymbolication.framework/Versions/A/CoreSymbolication
0x000000000c9f0000 	/System/Library/PrivateFrameworks/Symbolication.framework/Versions/A/Symbolication
0x000000000c9f0000 	/System/Library/PrivateFrameworks/SpeechRecognitionCore.framework/Versions/A/SpeechRecognitionCore
0x0000000107200000 	/Library/Java/JavaVirtualMachines/jdk1.8.0_101.jdk/Contents/Home/jre/lib/server/libjvm.dylib
0x000000000c9f0000 	/usr/lib/libstdc++.6.dylib
0x000000010614d000 	/Library/Java/JavaVirtualMachines/jdk1.8.0_101.jdk/Contents/Home/jre/lib/libverify.dylib
0x000000010615b000 	/Library/Java/JavaVirtualMachines/jdk1.8.0_101.jdk/Contents/Home/jre/lib/libjava.dylib
0x000000010619a000 	/Library/Java/JavaVirtualMachines/jdk1.8.0_101.jdk/Contents/Home/jre/lib/libzip.dylib
0x0000000123dff000 	/System/Library/Frameworks/JavaVM.framework/Frameworks/JavaRuntimeSupport.framework/JavaRuntimeSupport
0x0000000123e1a000 	/System/Library/Frameworks/JavaVM.framework/Versions/A/Frameworks/JavaNativeFoundation.framework/Versions/A/JavaNativeFoundation
0x00000001061f3000 	/System/Library/Frameworks/JavaVM.framework/Versions/A/JavaVM
0x000000000c9f0000 	/System/Library/Frameworks/Carbon.framework/Versions/A/Carbon
0x0000000123e2f000 	/System/Library/PrivateFrameworks/JavaLaunching.framework/Versions/A/JavaLaunching
0x000000000c9f0000 	/System/Library/Frameworks/Carbon.framework/Versions/A/Frameworks/CommonPanels.framework/Versions/A/CommonPanels
0x000000000c9f0000 	/System/Library/Frameworks/Carbon.framework/Versions/A/Frameworks/Help.framework/Versions/A/Help
0x000000000c9f0000 	/System/Library/Frameworks/Carbon.framework/Versions/A/Frameworks/ImageCapture.framework/Versions/A/ImageCapture
0x000000000c9f0000 	/System/Library/Frameworks/Carbon.framework/Versions/A/Frameworks/OpenScripting.framework/Versions/A/OpenScripting
0x000000000c9f0000 	/System/Library/Frameworks/Carbon.framework/Versions/A/Frameworks/Print.framework/Versions/A/Print
0x000000000c9f0000 	/System/Library/Frameworks/Carbon.framework/Versions/A/Frameworks/SecurityHI.framework/Versions/A/SecurityHI
0x0000000125f5f000 	/Library/Java/JavaVirtualMachines/jdk1.8.0_101.jdk/Contents/Home/jre/lib/libsunec.dylib
0x000000012652e000 	/Library/Java/JavaVirtualMachines/jdk1.8.0_101.jdk/Contents/Home/jre/lib/libnet.dylib
0x00000001265c2000 	/Library/Java/JavaVirtualMachines/jdk1.8.0_101.jdk/Contents/Home/jre/lib/libmanagement.dylib
0x00000001269eb000 	/Library/Java/JavaVirtualMachines/jdk1.8.0_101.jdk/Contents/Home/jre/lib/libnio.dylib

VM Arguments:
java_command: build/libs/shuffler.jar shuffle --amount 50000000 --session testnet00 --query btcd --blockchain test --crypto real --key cVwkxHBwLMTeC3BBcvfF5WJNRZxyyUg99MDWdFiMungqKFx4VrTm --anon mqXefdJz3q2khxe4wZK24MrXhqE3QZf4VR --change mkDFtXjLxSJzmZ6Nk69S3hJhHQKLJXKohu --port 4000 --peers [{"key":"028c430bcfc38e2346b7268ec7e00d5f2f9d6a674ac18a335d4bcf77b195209481","address":"127.0.0.1:4001"}] --rpcuser admin --rpcpass pass --fee 8000 --time 1493230080000
java_class_path (initial): build/libs/shuffler.jar
Launcher Type: SUN_STANDARD

Environment Variables:
JAVA_HOME=/Library/Java/JavaVirtualMachines/jdk1.8.0_101.jdk/Contents/Home
PATH=/usr/local/bin:/Users/nsa/Downloads/google-cloud-sdk/bin:/usr/local/bin:/usr/bin:/bin:/usr/sbin:/sbin:/usr/local/MacGPG2/bin:/Applications/Wireshark.app/Contents/MacOS:/usr/local/opt/go/libexec/bin
SHELL=/bin/bash

Signal Handlers:
SIGSEGV: [libjvm.dylib+0x5af145], sa_mask[0]=11111111011111110111111111111111, sa_flags=SA_ONSTACK|SA_RESTART|SA_SIGINFO
SIGBUS: [libjvm.dylib+0x5af145], sa_mask[0]=11111111011111110111111111111111, sa_flags=SA_RESTART|SA_SIGINFO
SIGFPE: [libjvm.dylib+0x48694c], sa_mask[0]=11111111011111110111111111111111, sa_flags=SA_RESTART|SA_SIGINFO
SIGPIPE: [libjvm.dylib+0x48694c], sa_mask[0]=11111111011111110111111111111111, sa_flags=SA_RESTART|SA_SIGINFO
SIGXFSZ: [libjvm.dylib+0x48694c], sa_mask[0]=11111111011111110111111111111111, sa_flags=SA_RESTART|SA_SIGINFO
SIGILL: [libjvm.dylib+0x48694c], sa_mask[0]=11111111011111110111111111111111, sa_flags=SA_RESTART|SA_SIGINFO
SIGUSR1: SIG_DFL, sa_mask[0]=11011111011111100000000111000110, sa_flags=none
SIGUSR2: [libjvm.dylib+0x48646a], sa_mask[0]=00000000000000000000000000000000, sa_flags=SA_RESTART|SA_SIGINFO
SIGHUP: [libjvm.dylib+0x484a41], sa_mask[0]=11111111011111110111111111111111, sa_flags=SA_RESTART|SA_SIGINFO
SIGINT: [libjvm.dylib+0x484a41], sa_mask[0]=11111111011111110111111111111111, sa_flags=SA_RESTART|SA_SIGINFO
SIGTERM: [libjvm.dylib+0x484a41], sa_mask[0]=11111111011111110111111111111111, sa_flags=SA_RESTART|SA_SIGINFO
SIGQUIT: [libjvm.dylib+0x484a41], sa_mask[0]=11111111011111110111111111111111, sa_flags=SA_RESTART|SA_SIGINFO


---------------  S Y S T E M  ---------------

OS:Bsduname:Darwin 14.4.0 Darwin Kernel Version 14.4.0: Thu May 28 11:35:04 PDT 2015; root:xnu-2782.30.5~1/RELEASE_X86_64 x86_64
rlimit: STACK 8192k, CORE 0k, NPROC 709, NOFILE 10240, AS infinity
load average:3.00 3.07 2.70

CPU:total 8 (4 cores per cpu, 2 threads per core) family 6 model 70 stepping 1, cmov, cx8, fxsr, mmx, sse, sse2, sse3, ssse3, sse4.1, sse4.2, popcnt, avx, avx2, aes, clmul, erms, lzcnt, ht, tsc, tscinvbit, bmi1, bmi2

Memory: 4k page, physical 16777216k(918584k free)

/proc/meminfo:


vm_info: Java HotSpot(TM) 64-Bit Server VM (25.101-b13) for bsd-amd64 JRE (1.8.0_101-b13), built on Jun 22 2016 02:42:15 by "java_re" with gcc 4.2.1 (Based on Apple Inc. build 5658) (LLVM build 2336.11.00)

time: Wed Apr 26 14:08:00 2017
elapsed time: 25 seconds (0d 0h 0m 25s)

