#
# A fatal error has been detected by the Java Runtime Environment:
#
#  SIGBUS (0xa) at pc=0x0000000101389e92, pid=35984, tid=0x0000000000005f03
#
# JRE version: Java(TM) SE Runtime Environment (8.0_101-b13) (build 1.8.0_101-b13)
# Java VM: Java HotSpot(TM) 64-Bit Server VM (25.101-b13 mixed mode bsd-amd64 compressed oops)
# Problematic frame:
# C  [libzip.dylib+0x2e92]  newEntry+0x154
#
# Failed to write core dump. Core dumps have been disabled. To enable core dumping, try "ulimit -c unlimited" before starting Java again
#
# If you would like to submit a bug report, please visit:
#   http://bugreport.java.com/bugreport/crash.jsp
# The crash happened outside the Java Virtual Machine in native code.
# See problematic frame for where to report the bug.
#

---------------  T H R E A D  ---------------

Current thread (0x00007fa07a1ce000):  JavaThread "Thread-3" [_thread_in_native, id=24323, stack(0x0000000121f19000,0x0000000122019000)]

siginfo: si_signo: 10 (SIGBUS), si_code: 2 (BUS_ADRERR), si_addr: 0x00000001211c63a7

Registers:
RAX=0x00007fa079622ec0, RBX=0x00000001211c639b, RCX=0x0000000000000001, RDX=0x0000000000000808
RSP=0x00000001220164c0, RBP=0x0000000122016520, RSI=0x00007fa079700000, RDI=0x0000000101213200
R8 =0x0000000000000004, R9 =0x00000000fffff000, R10=0x00000001035d11d8, R11=0xfffffff9b66525b6
R12=0x000000012118a000, R13=0x0000000000000220, R14=0x000000000361c6f4, R15=0x00007fa07969aac0
RIP=0x0000000101389e92, EFLAGS=0x0000000000010202, ERR=0x0000000000000004
  TRAPNO=0x000000000000000e

Top of Stack: (sp=0x00000001220164c0)
0x00000001220164c0:   0000000122017730 0000000022017730
0x00000001220164d0:   0000000122016530 00007fff94f24d3d
0x00000001220164e0:   0000000122016500 00007fa079622ec0
0x00000001220164f0:   00007fa079787870 00007fa079622ec0
0x0000000122016500:   000000012118a000 0000000000000220
0x0000000122016510:   000000000361c6f4 00007fa07969aac0
0x0000000122016520:   0000000122016580 000000010138a52d
0x0000000122016530:   00000001220165c7 00000001220165c6
0x0000000122016540:   0000002700000000 00000028011ce000
0x0000000122016550:   000000012201659e 00000001220169e8
0x0000000122016560:   0000000000000028 000000012201659e
0x0000000122016570:   00007fa079622ec0 00007fa07a1ce1f8
0x0000000122016580:   00000001220169d0 0000000101389238
0x0000000122016590:   00000001220165f0 6f637fff00000001
0x00000001220165a0:   6c66667568732f6d 422f6e6168632f65
0x00000001220165b0:   6e61684363697361 6567617373654d24
0x00000001220165c0:   00007373616c632e 00000000ffffffcb
0x00000001220165d0:   0000000000000035 0000000122016768
0x00000001220165e0:   0000000102a08de2 00000000ffffffcb
0x00000001220165f0:   0000000122016a20 00007fff94f2efe6
0x0000000122016600:   0000000000000000 0000000122016798
0x0000000122016610:   00000001029e5c65 0000000000000001
0x0000000122016620:   0000000122016a50 00007fff94f2f06d
0x0000000122016630:   0000000000000000 0000000000000030
0x0000000122016640:   00000030029dae19 00000001220170f0
0x0000000122016650:   00007fff7bd2b6b8 00000000ffffffff
0x0000000122016660:   0000000000000000 0000003500000000
0x0000000122016670:   0000000000000001 0000000102a08de0
0x0000000122016680:   ffffffcb21bf49f8 0000000000000001
0x0000000122016690:   00007fa07971750c 0000000000000035
0x00000001220166a0:   0000000000000001 0000000000000001
0x00000001220166b0:   0000000000000000 0000000000000000 

Instructions: (pc=0x0000000101389e92)
0x0000000101389e72:   49 8b 7f 38 e8 5b 1b 00 00 4d 89 77 38 49 89 5f
0x0000000101389e82:   40 4c 89 f0 48 85 c0 0f 84 11 05 00 00 48 89 c3
0x0000000101389e92:   0f b6 43 0c 0f b6 4b 0d 48 c1 e1 08 48 01 c1 0f
0x0000000101389ea2:   b6 43 0e 0f b6 53 0f 48 c1 e2 08 48 01 c2 48 c1 

Register to memory mapping:

RAX=0x00007fa079622ec0 is an unknown value
RBX=0x00000001211c639b is an unknown value
RCX=0x0000000000000001 is an unknown value
RDX=0x0000000000000808 is an unknown value
RSP=0x00000001220164c0 is pointing into the stack for thread: 0x00007fa07a1ce000
RBP=0x0000000122016520 is pointing into the stack for thread: 0x00007fa07a1ce000
RSI=0x00007fa079700000 is an unknown value
RDI=0x0000000101213200 is an unknown value
R8 =0x0000000000000004 is an unknown value
R9 =0x00000000fffff000 is an unknown value
R10=0x00000001035d11d8 is at entry_point+88 in (nmethod*)0x00000001035d1010
R11=0xfffffff9b66525b6 is an unknown value
R12=0x000000012118a000 is an unknown value
R13=0x0000000000000220 is an unknown value
R14=0x000000000361c6f4 is an unknown value
R15=0x00007fa07969aac0 is an unknown value


Stack: [0x0000000121f19000,0x0000000122019000],  sp=0x00000001220164c0,  free space=1013k
Native frames: (J=compiled Java code, j=interpreted, Vv=VM code, C=native code)
C  [libzip.dylib+0x2e92]  newEntry+0x154
C  [libzip.dylib+0x352d]  ZIP_GetEntry2+0xd4
C  [libzip.dylib+0x2238]  Java_java_util_zip_ZipFile_getEntry+0xcf
J 91  java.util.zip.ZipFile.getEntry(J[BZ)J (0 bytes) @ 0x00000001035d124e [0x00000001035d1180+0xce]
J 854 C2 java.util.jar.JarFile.getEntry(Ljava/lang/String;)Ljava/util/zip/ZipEntry; (22 bytes) @ 0x00000001037dde0c [0x00000001037ddaa0+0x36c]
J 873 C2 sun.misc.URLClassPath$JarLoader.getResource(Ljava/lang/String;Z)Lsun/misc/Resource; (85 bytes) @ 0x00000001037e06e0 [0x00000001037e04c0+0x220]
J 1040 C2 sun.misc.URLClassPath.getResource(Ljava/lang/String;Z)Lsun/misc/Resource; (83 bytes) @ 0x0000000103854c34 [0x0000000103854b20+0x114]
J 246 C1 java.net.URLClassLoader$1.run()Ljava/lang/Class; (63 bytes) @ 0x0000000103624dac [0x0000000103624ba0+0x20c]
J 245 C1 java.net.URLClassLoader$1.run()Ljava/lang/Object; (5 bytes) @ 0x000000010362480c [0x0000000103624780+0x8c]
v  ~StubRoutines::call_stub
V  [libjvm.dylib+0x2ecf06]
V  [libjvm.dylib+0x34d69c]
J 244  java.security.AccessController.doPrivileged(Ljava/security/PrivilegedExceptionAction;Ljava/security/AccessControlContext;)Ljava/lang/Object; (0 bytes) @ 0x00000001036244d5 [0x0000000103624400+0xd5]
J 217 C1 java.net.URLClassLoader.findClass(Ljava/lang/String;)Ljava/lang/Class; (47 bytes) @ 0x0000000103616214 [0x0000000103616080+0x194]
J 162 C1 java.lang.ClassLoader.loadClass(Ljava/lang/String;Z)Ljava/lang/Class; (122 bytes) @ 0x00000001035f4564 [0x00000001035f3c00+0x964]
J 235 C1 sun.misc.Launcher$AppClassLoader.loadClass(Ljava/lang/String;Z)Ljava/lang/Class; (85 bytes) @ 0x0000000103620c24 [0x0000000103620280+0x9a4]
J 234 C1 java.lang.ClassLoader.loadClass(Ljava/lang/String;)Ljava/lang/Class; (7 bytes) @ 0x000000010361fec4 [0x000000010361fdc0+0x104]
v  ~StubRoutines::call_stub
V  [libjvm.dylib+0x2ecf06]
V  [libjvm.dylib+0x2ed694]
V  [libjvm.dylib+0x2ed7ec]
V  [libjvm.dylib+0x53a818]
V  [libjvm.dylib+0x539fb1]
V  [libjvm.dylib+0x53aa34]
V  [libjvm.dylib+0x53b0e7]
V  [libjvm.dylib+0x1e2582]
V  [libjvm.dylib+0x1f29ae]
V  [libjvm.dylib+0x2e8943]
j  com.shuffle.chan.BasicChan.close()V+10
j  com.shuffle.p2p.MappedChannel$MappedAliceSend.close()V+18
j  com.shuffle.p2p.TcpChannel$TcpReceiver.run()V+152
j  java.lang.Thread.run()V+11
v  ~StubRoutines::call_stub
V  [libjvm.dylib+0x2ecf06]
V  [libjvm.dylib+0x2ed694]
V  [libjvm.dylib+0x2ed840]
V  [libjvm.dylib+0x348029]
V  [libjvm.dylib+0x5695ab]
V  [libjvm.dylib+0x56ac98]
V  [libjvm.dylib+0x48933a]
C  [libsystem_pthread.dylib+0x3268]  _pthread_body+0x83
C  [libsystem_pthread.dylib+0x31e5]  _pthread_body+0x0
C  [libsystem_pthread.dylib+0x141d]  thread_start+0xd
C  0x0000000000000000

Java frames: (J=compiled Java code, j=interpreted, Vv=VM code)
J 91  java.util.zip.ZipFile.getEntry(J[BZ)J (0 bytes) @ 0x00000001035d11d8 [0x00000001035d1180+0x58]
J 854 C2 java.util.jar.JarFile.getEntry(Ljava/lang/String;)Ljava/util/zip/ZipEntry; (22 bytes) @ 0x00000001037dde0c [0x00000001037ddaa0+0x36c]
J 873 C2 sun.misc.URLClassPath$JarLoader.getResource(Ljava/lang/String;Z)Lsun/misc/Resource; (85 bytes) @ 0x00000001037e06e0 [0x00000001037e04c0+0x220]
J 1040 C2 sun.misc.URLClassPath.getResource(Ljava/lang/String;Z)Lsun/misc/Resource; (83 bytes) @ 0x0000000103854c34 [0x0000000103854b20+0x114]
J 246 C1 java.net.URLClassLoader$1.run()Ljava/lang/Class; (63 bytes) @ 0x0000000103624dac [0x0000000103624ba0+0x20c]
J 245 C1 java.net.URLClassLoader$1.run()Ljava/lang/Object; (5 bytes) @ 0x000000010362480c [0x0000000103624780+0x8c]
v  ~StubRoutines::call_stub
J 244  java.security.AccessController.doPrivileged(Ljava/security/PrivilegedExceptionAction;Ljava/security/AccessControlContext;)Ljava/lang/Object; (0 bytes) @ 0x0000000103624463 [0x0000000103624400+0x63]
J 217 C1 java.net.URLClassLoader.findClass(Ljava/lang/String;)Ljava/lang/Class; (47 bytes) @ 0x0000000103616214 [0x0000000103616080+0x194]
J 162 C1 java.lang.ClassLoader.loadClass(Ljava/lang/String;Z)Ljava/lang/Class; (122 bytes) @ 0x00000001035f4564 [0x00000001035f3c00+0x964]
J 235 C1 sun.misc.Launcher$AppClassLoader.loadClass(Ljava/lang/String;Z)Ljava/lang/Class; (85 bytes) @ 0x0000000103620c24 [0x0000000103620280+0x9a4]
J 234 C1 java.lang.ClassLoader.loadClass(Ljava/lang/String;)Ljava/lang/Class; (7 bytes) @ 0x000000010361fec4 [0x000000010361fdc0+0x104]
v  ~StubRoutines::call_stub
j  com.shuffle.chan.BasicChan.close()V+10
j  com.shuffle.p2p.MappedChannel$MappedAliceSend.close()V+18
j  com.shuffle.p2p.TcpChannel$TcpReceiver.run()V+152
j  java.lang.Thread.run()V+11
v  ~StubRoutines::call_stub

---------------  P R O C E S S  ---------------

Java Threads: ( => current thread )
=>0x00007fa07a1ce000 JavaThread "Thread-3" [_thread_in_native, id=24323, stack(0x0000000121f19000,0x0000000122019000)]
  0x00007fa07aae7000 JavaThread "Thread-2" [_thread_blocked, id=23811, stack(0x0000000121e16000,0x0000000121f16000)]
  0x00007fa07d035800 JavaThread "Thread-1" [_thread_in_native, id=23559, stack(0x0000000121ced000,0x0000000121ded000)]
  0x00007fa07986b800 JavaThread "bitcoinj user thread" daemon [_thread_blocked, id=21763, stack(0x0000000121456000,0x0000000121556000)]
  0x00007fa07a870800 JavaThread "Service Thread" daemon [_thread_blocked, id=20739, stack(0x0000000120e14000,0x0000000120f14000)]
  0x00007fa07b009800 JavaThread "C1 CompilerThread3" daemon [_thread_blocked, id=20227, stack(0x0000000120d11000,0x0000000120e11000)]
  0x00007fa07a011800 JavaThread "C2 CompilerThread2" daemon [_thread_blocked, id=19715, stack(0x0000000120c0e000,0x0000000120d0e000)]
  0x00007fa079823800 JavaThread "C2 CompilerThread1" daemon [_thread_blocked, id=19203, stack(0x0000000120b0b000,0x0000000120c0b000)]
  0x00007fa07a85b000 JavaThread "C2 CompilerThread0" daemon [_thread_blocked, id=18691, stack(0x0000000120a08000,0x0000000120b08000)]
  0x00007fa07a82d800 JavaThread "Signal Dispatcher" daemon [_thread_blocked, id=18443, stack(0x0000000120905000,0x0000000120a05000)]
  0x00007fa07b007000 JavaThread "Finalizer" daemon [_thread_blocked, id=13571, stack(0x000000011eedd000,0x000000011efdd000)]
  0x00007fa07b004000 JavaThread "Reference Handler" daemon [_thread_blocked, id=13059, stack(0x000000011edda000,0x000000011eeda000)]
  0x00007fa07980e000 JavaThread "main" [_thread_blocked, id=4867, stack(0x000000010339e000,0x000000010349e000)]

Other Threads:
  0x00007fa07a039000 VMThread [stack: 0x000000011ecd7000,0x000000011edd7000] [id=12547]
  0x00007fa07a03b000 WatcherThread [stack: 0x0000000120f17000,0x0000000121017000] [id=21251]

VM state:not at safepoint (normal execution)

VM Mutex/Monitor currently owned by a thread: None

Heap:
 PSYoungGen      total 76288K, used 27167K [0x000000076ab00000, 0x0000000770000000, 0x00000007c0000000)
  eden space 65536K, 25% used [0x000000076ab00000,0x000000076bb0a318,0x000000076eb00000)
  from space 10752K, 99% used [0x000000076eb00000,0x000000076f57db90,0x000000076f580000)
  to   space 10752K, 0% used [0x000000076f580000,0x000000076f580000,0x0000000770000000)
 ParOldGen       total 175104K, used 1261K [0x00000006c0000000, 0x00000006cab00000, 0x000000076ab00000)
  object space 175104K, 0% used [0x00000006c0000000,0x00000006c013b670,0x00000006cab00000)
 Metaspace       used 15590K, capacity 15694K, committed 15872K, reserved 1062912K
  class space    used 1977K, capacity 2011K, committed 2048K, reserved 1048576K

Card table byte_map: [0x0000000112860000,0x0000000113061000] byte_map_base: 0x000000010f260000

Marking Bits: (ParMarkBitMap*) 0x0000000102cedd20
 Begin Bits: [0x0000000113dcf000, 0x0000000117dcf000)
 End Bits:   [0x0000000117dcf000, 0x000000011bdcf000)

Polling page: 0x000000010137d000

CodeCache: size=245760Kb used=4252Kb max_used=4256Kb free=241507Kb
 bounds [0x00000001034a0000, 0x00000001038d0000, 0x00000001124a0000]
 total_blobs=1590 nmethods=1192 adapters=312
 compilation: enabled

Compilation events (10 events):
Event: 4.363 Thread 0x00007fa07b009800 nmethod 1189 0x00000001038c6990 code [0x00000001038c6b40, 0x00000001038c7138]
Event: 4.363 Thread 0x00007fa07b009800 1190       3       java.util.Vector::<init> (7 bytes)
Event: 4.363 Thread 0x00007fa07b009800 nmethod 1190 0x00000001038c7390 code [0x00000001038c7500, 0x00000001038c7688]
Event: 4.363 Thread 0x00007fa07b009800 1191       3       java.util.Vector::<init> (49 bytes)
Event: 4.364 Thread 0x00007fa07b009800 nmethod 1191 0x00000001038c7710 code [0x00000001038c7900, 0x00000001038c82f8]
Event: 4.365 Thread 0x00007fa07b009800 1192       3       java.math.BigInteger::<init> (82 bytes)
Event: 4.366 Thread 0x00007fa07b009800 nmethod 1192 0x00000001038c8790 code [0x00000001038c8980, 0x00000001038c90f8]
Event: 4.368 Thread 0x00007fa07b009800 1193   !   3       org.bouncycastle.util.encoders.Hex::decode (59 bytes)
Event: 4.369 Thread 0x00007fa07b009800 nmethod 1193 0x00000001038ca5d0 code [0x00000001038ca820, 0x00000001038cb738]
Event: 4.369 Thread 0x00007fa07a011800 nmethod 1188 0x00000001038cbe50 code [0x00000001038cbfe0, 0x00000001038cc598]

GC Heap History (2 events):
Event: 3.988 GC heap before
{Heap before GC invocations=1 (full 0):
 PSYoungGen      total 76288K, used 65536K [0x000000076ab00000, 0x0000000770000000, 0x00000007c0000000)
  eden space 65536K, 100% used [0x000000076ab00000,0x000000076eb00000,0x000000076eb00000)
  from space 10752K, 0% used [0x000000076f580000,0x000000076f580000,0x0000000770000000)
  to   space 10752K, 0% used [0x000000076eb00000,0x000000076eb00000,0x000000076f580000)
 ParOldGen       total 175104K, used 0K [0x00000006c0000000, 0x00000006cab00000, 0x000000076ab00000)
  object space 175104K, 0% used [0x00000006c0000000,0x00000006c0000000,0x00000006cab00000)
 Metaspace       used 13337K, capacity 13550K, committed 13824K, reserved 1060864K
  class space    used 1676K, capacity 1723K, committed 1792K, reserved 1048576K
Event: 4.006 GC heap after
Heap after GC invocations=1 (full 0):
 PSYoungGen      total 76288K, used 10742K [0x000000076ab00000, 0x0000000770000000, 0x00000007c0000000)
  eden space 65536K, 0% used [0x000000076ab00000,0x000000076ab00000,0x000000076eb00000)
  from space 10752K, 99% used [0x000000076eb00000,0x000000076f57db90,0x000000076f580000)
  to   space 10752K, 0% used [0x000000076f580000,0x000000076f580000,0x0000000770000000)
 ParOldGen       total 175104K, used 1261K [0x00000006c0000000, 0x00000006cab00000, 0x000000076ab00000)
  object space 175104K, 0% used [0x00000006c0000000,0x00000006c013b670,0x00000006cab00000)
 Metaspace       used 13337K, capacity 13550K, committed 13824K, reserved 1060864K
  class space    used 1676K, capacity 1723K, committed 1792K, reserved 1048576K
}

Deoptimization events (10 events):
Event: 0.737 Thread 0x00007fa07980e000 Uncommon trap: reason=bimorphic action=maybe_recompile pc=0x000000010378b75c method=java.util.regex.Pattern$BmpCharProperty.match(Ljava/util/regex/Matcher;ILjava/lang/CharSequence;)Z @ 16
Event: 0.737 Thread 0x00007fa07980e000 Uncommon trap: reason=bimorphic action=maybe_recompile pc=0x000000010378b75c method=java.util.regex.Pattern$BmpCharProperty.match(Ljava/util/regex/Matcher;ILjava/lang/CharSequence;)Z @ 16
Event: 0.785 Thread 0x00007fa07aae7000 Uncommon trap: reason=null_check action=make_not_entrant pc=0x000000010378480c method=java.lang.StringCoding.deref(Ljava/lang/ThreadLocal;)Ljava/lang/Object; @ 4
Event: 3.978 Thread 0x00007fa07aae7000 Uncommon trap: reason=unstable_if action=reinterpret pc=0x00000001036f39f8 method=java.lang.ThreadLocal$ThreadLocalMap.getEntry(Ljava/lang/ThreadLocal;)Ljava/lang/ThreadLocal$ThreadLocalMap$Entry; @ 29
Event: 4.007 Thread 0x00007fa07c84d800 Uncommon trap: reason=null_check action=make_not_entrant pc=0x0000000103788098 method=java.lang.StringCoding.deref(Ljava/lang/ThreadLocal;)Ljava/lang/Object; @ 4
Event: 4.013 Thread 0x00007fa07994c000 Uncommon trap: reason=null_check action=make_not_entrant pc=0x00000001036f0fa4 method=java.lang.StringCoding.deref(Ljava/lang/ThreadLocal;)Ljava/lang/Object; @ 4
Event: 4.285 Thread 0x00007fa07994c000 Uncommon trap: reason=bimorphic action=maybe_recompile pc=0x0000000103855fa4 method=java.util.Hashtable.addEntry(ILjava/lang/Object;Ljava/lang/Object;I)V @ 38
Event: 4.285 Thread 0x00007fa07994c000 Uncommon trap: reason=bimorphic action=maybe_recompile pc=0x0000000103855fa4 method=java.util.Hashtable.addEntry(ILjava/lang/Object;Ljava/lang/Object;I)V @ 38
Event: 4.285 Thread 0x00007fa07994c000 Uncommon trap: reason=bimorphic action=maybe_recompile pc=0x0000000103855fa4 method=java.util.Hashtable.addEntry(ILjava/lang/Object;Ljava/lang/Object;I)V @ 38
Event: 4.285 Thread 0x00007fa07994c000 Uncommon trap: reason=bimorphic action=maybe_recompile pc=0x0000000103855fa4 method=java.util.Hashtable.addEntry(ILjava/lang/Object;Ljava/lang/Object;I)V @ 38

Internal exceptions (10 events):
Event: 0.164 Thread 0x00007fa07980e000 Exception <a 'java/security/PrivilegedActionException'> (0x000000076b0fe938) thrown at [/HUDSON3/workspace/8-2-build-macosx-x86_64/jdk8u101/7261/hotspot/src/share/vm/prims/jvm.cpp, line 1386]
Event: 0.164 Thread 0x00007fa07980e000 Exception <a 'java/security/PrivilegedActionException'> (0x000000076b101c40) thrown at [/HUDSON3/workspace/8-2-build-macosx-x86_64/jdk8u101/7261/hotspot/src/share/vm/prims/jvm.cpp, line 1386]
Event: 0.164 Thread 0x00007fa07980e000 Exception <a 'java/security/PrivilegedActionException'> (0x000000076b101e50) thrown at [/HUDSON3/workspace/8-2-build-macosx-x86_64/jdk8u101/7261/hotspot/src/share/vm/prims/jvm.cpp, line 1386]
Event: 0.709 Thread 0x00007fa07980e000 Exception <a 'java/lang/ArrayIndexOutOfBoundsException': 71> (0x000000076e486e50) thrown at [/HUDSON3/workspace/8-2-build-macosx-x86_64/jdk8u101/7261/hotspot/src/share/vm/interpreter/interpreterRuntime.cpp, line 366]
Event: 0.709 Thread 0x00007fa07980e000 Exception <a 'java/lang/ArrayIndexOutOfBoundsException': 18> (0x000000076e487bc8) thrown at [/HUDSON3/workspace/8-2-build-macosx-x86_64/jdk8u101/7261/hotspot/src/share/vm/interpreter/interpreterRuntime.cpp, line 366]
Event: 0.710 Thread 0x00007fa07980e000 Exception <a 'java/lang/ArrayIndexOutOfBoundsException': 60> (0x000000076e488b80) thrown at [/HUDSON3/workspace/8-2-build-macosx-x86_64/jdk8u101/7261/hotspot/src/share/vm/interpreter/interpreterRuntime.cpp, line 366]
Event: 0.785 Thread 0x00007fa07aae7000 Implicit null exception at 0x0000000103783e77 to 0x00000001037847fd
Event: 4.007 Thread 0x00007fa07c84d800 Implicit null exception at 0x000000010378784c to 0x000000010378807d
Event: 4.008 Thread 0x00007fa07c84d800 Exception <a 'java/lang/NullPointerException'> (0x000000076aba5108) thrown at [/HUDSON3/workspace/8-2-build-macosx-x86_64/jdk8u101/7261/hotspot/src/share/vm/interpreter/linkResolver.cpp, line 1280]
Event: 4.013 Thread 0x00007fa07994c000 Implicit null exception at 0x00000001036f0e6c to 0x00000001036f0f99

Events (10 events):
Event: 4.371 loading class com/shuffle/bitcoin/impl/CryptoProtobuf$1 done
Event: 4.372 loading class com/shuffle/chan/Inbox$Transit
Event: 4.372 loading class com/shuffle/chan/Inbox$Transit done
Event: 4.372 loading class com/shuffle/chan/Inbox$Envelope
Event: 4.372 loading class com/shuffle/chan/Inbox$Envelope done
Event: 14.202 loading class sun/net/ResourceManager
Event: 14.202 loading class sun/net/ResourceManager done
Event: 14.202 Thread 0x00007fa07994c000 Thread exited: 0x00007fa07994c000
Event: 640.525 loading class com/shuffle/chan/BasicChan$Message
Event: 640.525 loading class com/shuffle/chan/BasicChan$Message done


Dynamic libraries:
0x0000000009ff7000 	/System/Library/Frameworks/Cocoa.framework/Versions/A/Cocoa
0x0000000009ff7000 	/System/Library/Frameworks/Security.framework/Versions/A/Security
0x0000000009ff7000 	/System/Library/Frameworks/ApplicationServices.framework/Versions/A/ApplicationServices
0x0000000009ff7000 	/usr/lib/libz.1.dylib
0x0000000009ff7000 	/usr/lib/libSystem.B.dylib
0x0000000009ff7000 	/usr/lib/libobjc.A.dylib
0x0000000009ff7000 	/System/Library/Frameworks/CoreFoundation.framework/Versions/A/CoreFoundation
0x0000000009ff7000 	/System/Library/Frameworks/Foundation.framework/Versions/C/Foundation
0x0000000009ff7000 	/System/Library/Frameworks/AppKit.framework/Versions/C/AppKit
0x0000000009ff7000 	/System/Library/Frameworks/CoreData.framework/Versions/A/CoreData
0x0000000009ff7000 	/System/Library/PrivateFrameworks/RemoteViewServices.framework/Versions/A/RemoteViewServices
0x0000000009ff7000 	/System/Library/PrivateFrameworks/UIFoundation.framework/Versions/A/UIFoundation
0x0000000009ff7000 	/System/Library/Frameworks/IOSurface.framework/Versions/A/IOSurface
0x0000000009ff7000 	/System/Library/Frameworks/AudioToolbox.framework/Versions/A/AudioToolbox
0x0000000009ff7000 	/System/Library/Frameworks/AudioUnit.framework/Versions/A/AudioUnit
0x0000000009ff7000 	/System/Library/PrivateFrameworks/DataDetectorsCore.framework/Versions/A/DataDetectorsCore
0x0000000009ff7000 	/System/Library/PrivateFrameworks/DesktopServicesPriv.framework/Versions/A/DesktopServicesPriv
0x0000000009ff7000 	/System/Library/Frameworks/Carbon.framework/Versions/A/Frameworks/HIToolbox.framework/Versions/A/HIToolbox
0x0000000009ff7000 	/System/Library/Frameworks/QuartzCore.framework/Versions/A/QuartzCore
0x0000000009ff7000 	/System/Library/Frameworks/Carbon.framework/Versions/A/Frameworks/SpeechRecognition.framework/Versions/A/SpeechRecognition
0x0000000009ff7000 	/usr/lib/libauto.dylib
0x0000000009ff7000 	/usr/lib/libicucore.A.dylib
0x0000000009ff7000 	/usr/lib/libxml2.2.dylib
0x0000000009ff7000 	/System/Library/PrivateFrameworks/CoreUI.framework/Versions/A/CoreUI
0x0000000009ff7000 	/System/Library/Frameworks/CoreAudio.framework/Versions/A/CoreAudio
0x0000000009ff7000 	/System/Library/Frameworks/DiskArbitration.framework/Versions/A/DiskArbitration
0x0000000009ff7000 	/usr/lib/liblangid.dylib
0x0000000009ff7000 	/System/Library/PrivateFrameworks/MultitouchSupport.framework/Versions/A/MultitouchSupport
0x0000000009ff7000 	/System/Library/Frameworks/IOKit.framework/Versions/A/IOKit
0x0000000009ff7000 	/usr/lib/libDiagnosticMessagesClient.dylib
0x0000000009ff7000 	/System/Library/Frameworks/CoreServices.framework/Versions/A/CoreServices
0x0000000009ff7000 	/System/Library/PrivateFrameworks/PerformanceAnalysis.framework/Versions/A/PerformanceAnalysis
0x0000000009ff7000 	/System/Library/PrivateFrameworks/GenerationalStorage.framework/Versions/A/GenerationalStorage
0x0000000009ff7000 	/System/Library/Frameworks/OpenGL.framework/Versions/A/OpenGL
0x0000000009ff7000 	/System/Library/PrivateFrameworks/Sharing.framework/Versions/A/Sharing
0x0000000009ff7000 	/System/Library/Frameworks/CoreGraphics.framework/Versions/A/CoreGraphics
0x0000000009ff7000 	/System/Library/Frameworks/CoreText.framework/Versions/A/CoreText
0x0000000009ff7000 	/System/Library/Frameworks/ImageIO.framework/Versions/A/ImageIO
0x0000000009ff7000 	/usr/lib/libextension.dylib
0x0000000009ff7000 	/System/Library/PrivateFrameworks/Backup.framework/Versions/A/Backup
0x0000000009ff7000 	/usr/lib/libarchive.2.dylib
0x0000000009ff7000 	/System/Library/Frameworks/CFNetwork.framework/Versions/A/CFNetwork
0x0000000009ff7000 	/System/Library/Frameworks/SystemConfiguration.framework/Versions/A/SystemConfiguration
0x0000000009ff7000 	/usr/lib/libCRFSuite.dylib
0x0000000009ff7000 	/usr/lib/libc++.1.dylib
0x0000000009ff7000 	/usr/lib/libc++abi.dylib
0x0000000009ff7000 	/usr/lib/system/libcache.dylib
0x0000000009ff7000 	/usr/lib/system/libcommonCrypto.dylib
0x0000000009ff7000 	/usr/lib/system/libcompiler_rt.dylib
0x0000000009ff7000 	/usr/lib/system/libcopyfile.dylib
0x0000000009ff7000 	/usr/lib/system/libcorecrypto.dylib
0x0000000009ff7000 	/usr/lib/system/libdispatch.dylib
0x0000000009ff7000 	/usr/lib/system/libdyld.dylib
0x0000000009ff7000 	/usr/lib/system/libkeymgr.dylib
0x0000000009ff7000 	/usr/lib/system/liblaunch.dylib
0x0000000009ff7000 	/usr/lib/system/libmacho.dylib
0x0000000009ff7000 	/usr/lib/system/libquarantine.dylib
0x0000000009ff7000 	/usr/lib/system/libremovefile.dylib
0x0000000009ff7000 	/usr/lib/system/libsystem_asl.dylib
0x0000000009ff7000 	/usr/lib/system/libsystem_blocks.dylib
0x0000000009ff7000 	/usr/lib/system/libsystem_c.dylib
0x0000000009ff7000 	/usr/lib/system/libsystem_configuration.dylib
0x0000000009ff7000 	/usr/lib/system/libsystem_coreservices.dylib
0x0000000009ff7000 	/usr/lib/system/libsystem_coretls.dylib
0x0000000009ff7000 	/usr/lib/system/libsystem_dnssd.dylib
0x0000000009ff7000 	/usr/lib/system/libsystem_info.dylib
0x0000000009ff7000 	/usr/lib/system/libsystem_kernel.dylib
0x0000000009ff7000 	/usr/lib/system/libsystem_m.dylib
0x0000000009ff7000 	/usr/lib/system/libsystem_malloc.dylib
0x0000000009ff7000 	/usr/lib/system/libsystem_network.dylib
0x0000000009ff7000 	/usr/lib/system/libsystem_networkextension.dylib
0x0000000009ff7000 	/usr/lib/system/libsystem_notify.dylib
0x0000000009ff7000 	/usr/lib/system/libsystem_platform.dylib
0x0000000009ff7000 	/usr/lib/system/libsystem_pthread.dylib
0x0000000009ff7000 	/usr/lib/system/libsystem_sandbox.dylib
0x0000000009ff7000 	/usr/lib/system/libsystem_secinit.dylib
0x0000000009ff7000 	/usr/lib/system/libsystem_stats.dylib
0x0000000009ff7000 	/usr/lib/system/libsystem_trace.dylib
0x0000000009ff7000 	/usr/lib/system/libunc.dylib
0x0000000009ff7000 	/usr/lib/system/libunwind.dylib
0x0000000009ff7000 	/usr/lib/system/libxpc.dylib
0x0000000009ff7000 	/usr/lib/libbz2.1.0.dylib
0x0000000009ff7000 	/usr/lib/liblzma.5.dylib
0x0000000009ff7000 	/usr/lib/libbsm.0.dylib
0x0000000009ff7000 	/usr/lib/libsqlite3.dylib
0x0000000009ff7000 	/usr/lib/system/libkxld.dylib
0x0000000009ff7000 	/usr/lib/libxar.1.dylib
0x0000000009ff7000 	/usr/lib/libpam.2.dylib
0x0000000009ff7000 	/usr/lib/libOpenScriptingUtil.dylib
0x0000000009ff7000 	/System/Library/Frameworks/CoreServices.framework/Versions/A/Frameworks/FSEvents.framework/Versions/A/FSEvents
0x0000000009ff7000 	/System/Library/Frameworks/CoreServices.framework/Versions/A/Frameworks/CarbonCore.framework/Versions/A/CarbonCore
0x0000000009ff7000 	/System/Library/Frameworks/CoreServices.framework/Versions/A/Frameworks/Metadata.framework/Versions/A/Metadata
0x0000000009ff7000 	/System/Library/Frameworks/CoreServices.framework/Versions/A/Frameworks/OSServices.framework/Versions/A/OSServices
0x0000000009ff7000 	/System/Library/Frameworks/CoreServices.framework/Versions/A/Frameworks/SearchKit.framework/Versions/A/SearchKit
0x0000000009ff7000 	/System/Library/Frameworks/CoreServices.framework/Versions/A/Frameworks/AE.framework/Versions/A/AE
0x0000000009ff7000 	/System/Library/Frameworks/CoreServices.framework/Versions/A/Frameworks/LaunchServices.framework/Versions/A/LaunchServices
0x0000000009ff7000 	/System/Library/Frameworks/CoreServices.framework/Versions/A/Frameworks/DictionaryServices.framework/Versions/A/DictionaryServices
0x0000000009ff7000 	/System/Library/Frameworks/NetFS.framework/Versions/A/NetFS
0x0000000009ff7000 	/System/Library/PrivateFrameworks/NetAuth.framework/Versions/A/NetAuth
0x0000000009ff7000 	/System/Library/PrivateFrameworks/login.framework/Versions/A/Frameworks/loginsupport.framework/Versions/A/loginsupport
0x0000000009ff7000 	/System/Library/PrivateFrameworks/TCC.framework/Versions/A/TCC
0x0000000009ff7000 	/usr/lib/libmecabra.dylib
0x0000000009ff7000 	/System/Library/Frameworks/ApplicationServices.framework/Versions/A/Frameworks/ATS.framework/Versions/A/ATS
0x0000000009ff7000 	/System/Library/Frameworks/ApplicationServices.framework/Versions/A/Frameworks/ColorSync.framework/Versions/A/ColorSync
0x0000000009ff7000 	/System/Library/Frameworks/ApplicationServices.framework/Versions/A/Frameworks/HIServices.framework/Versions/A/HIServices
0x0000000009ff7000 	/System/Library/Frameworks/ApplicationServices.framework/Versions/A/Frameworks/LangAnalysis.framework/Versions/A/LangAnalysis
0x0000000009ff7000 	/System/Library/Frameworks/ApplicationServices.framework/Versions/A/Frameworks/PrintCore.framework/Versions/A/PrintCore
0x0000000009ff7000 	/System/Library/Frameworks/ApplicationServices.framework/Versions/A/Frameworks/QD.framework/Versions/A/QD
0x0000000009ff7000 	/System/Library/Frameworks/ApplicationServices.framework/Versions/A/Frameworks/SpeechSynthesis.framework/Versions/A/SpeechSynthesis
0x0000000009ff7000 	/System/Library/Frameworks/Accelerate.framework/Versions/A/Accelerate
0x0000000009ff7000 	/System/Library/Frameworks/Accelerate.framework/Versions/A/Frameworks/vImage.framework/Versions/A/vImage
0x0000000009ff7000 	/System/Library/Frameworks/Accelerate.framework/Versions/A/Frameworks/vecLib.framework/Versions/A/vecLib
0x0000000009ff7000 	/System/Library/Frameworks/Accelerate.framework/Versions/A/Frameworks/vecLib.framework/Versions/A/libvDSP.dylib
0x0000000009ff7000 	/System/Library/Frameworks/Accelerate.framework/Versions/A/Frameworks/vecLib.framework/Versions/A/libvMisc.dylib
0x0000000009ff7000 	/System/Library/Frameworks/Accelerate.framework/Versions/A/Frameworks/vecLib.framework/Versions/A/libLAPACK.dylib
0x0000000009ff7000 	/System/Library/Frameworks/Accelerate.framework/Versions/A/Frameworks/vecLib.framework/Versions/A/libBLAS.dylib
0x0000000009ff7000 	/System/Library/Frameworks/Accelerate.framework/Versions/A/Frameworks/vecLib.framework/Versions/A/libLinearAlgebra.dylib
0x0000000009ff7000 	/System/Library/Frameworks/ApplicationServices.framework/Versions/A/Frameworks/ATS.framework/Versions/A/Resources/libFontParser.dylib
0x0000000009ff7000 	/System/Library/Frameworks/ApplicationServices.framework/Versions/A/Frameworks/ATS.framework/Versions/A/Resources/libFontRegistry.dylib
0x0000000009ff7000 	/System/Library/PrivateFrameworks/AppleVPA.framework/Versions/A/AppleVPA
0x0000000009ff7000 	/System/Library/PrivateFrameworks/AppleJPEG.framework/Versions/A/AppleJPEG
0x0000000009ff7000 	/System/Library/Frameworks/ImageIO.framework/Versions/A/Resources/libJPEG.dylib
0x0000000009ff7000 	/System/Library/Frameworks/ImageIO.framework/Versions/A/Resources/libTIFF.dylib
0x0000000009ff7000 	/System/Library/Frameworks/ImageIO.framework/Versions/A/Resources/libPng.dylib
0x0000000009ff7000 	/System/Library/Frameworks/ImageIO.framework/Versions/A/Resources/libGIF.dylib
0x0000000009ff7000 	/System/Library/Frameworks/ImageIO.framework/Versions/A/Resources/libJP2.dylib
0x0000000009ff7000 	/System/Library/Frameworks/ImageIO.framework/Versions/A/Resources/libRadiance.dylib
0x0000000009ff7000 	/System/Library/Frameworks/CoreVideo.framework/Versions/A/CoreVideo
0x0000000009ff7000 	/System/Library/Frameworks/OpenGL.framework/Versions/A/Libraries/libGLU.dylib
0x0000000009ff7000 	/System/Library/Frameworks/OpenGL.framework/Versions/A/Libraries/libGFXShared.dylib
0x0000000009ff7000 	/System/Library/Frameworks/OpenGL.framework/Versions/A/Libraries/libGL.dylib
0x0000000009ff7000 	/System/Library/Frameworks/OpenGL.framework/Versions/A/Libraries/libGLImage.dylib
0x0000000009ff7000 	/System/Library/Frameworks/OpenGL.framework/Versions/A/Libraries/libCVMSPluginSupport.dylib
0x0000000009ff7000 	/System/Library/Frameworks/OpenGL.framework/Versions/A/Libraries/libCoreVMClient.dylib
0x0000000009ff7000 	/usr/lib/libcups.2.dylib
0x0000000009ff7000 	/System/Library/Frameworks/Kerberos.framework/Versions/A/Kerberos
0x0000000009ff7000 	/System/Library/Frameworks/GSS.framework/Versions/A/GSS
0x0000000009ff7000 	/usr/lib/libresolv.9.dylib
0x0000000009ff7000 	/usr/lib/libiconv.2.dylib
0x0000000009ff7000 	/System/Library/PrivateFrameworks/Heimdal.framework/Versions/A/Heimdal
0x0000000009ff7000 	/usr/lib/libheimdal-asn1.dylib
0x0000000009ff7000 	/System/Library/Frameworks/OpenDirectory.framework/Versions/A/OpenDirectory
0x0000000009ff7000 	/System/Library/PrivateFrameworks/CommonAuth.framework/Versions/A/CommonAuth
0x0000000009ff7000 	/System/Library/Frameworks/OpenDirectory.framework/Versions/A/Frameworks/CFOpenDirectory.framework/Versions/A/CFOpenDirectory
0x0000000009ff7000 	/System/Library/Frameworks/SecurityFoundation.framework/Versions/A/SecurityFoundation
0x0000000009ff7000 	/System/Library/PrivateFrameworks/LanguageModeling.framework/Versions/A/LanguageModeling
0x0000000009ff7000 	/usr/lib/libcmph.dylib
0x0000000009ff7000 	/System/Library/Frameworks/ServiceManagement.framework/Versions/A/ServiceManagement
0x0000000009ff7000 	/usr/lib/libxslt.1.dylib
0x0000000009ff7000 	/System/Library/Frameworks/Carbon.framework/Versions/A/Frameworks/Ink.framework/Versions/A/Ink
0x0000000009ff7000 	/System/Library/Frameworks/QuartzCore.framework/Versions/A/Frameworks/CoreImage.framework/Versions/A/CoreImage
0x0000000009ff7000 	/System/Library/PrivateFrameworks/CrashReporterSupport.framework/Versions/A/CrashReporterSupport
0x0000000009ff7000 	/System/Library/Frameworks/OpenCL.framework/Versions/A/OpenCL
0x0000000009ff7000 	/System/Library/PrivateFrameworks/FaceCore.framework/Versions/A/FaceCore
0x0000000009ff7000 	/System/Library/PrivateFrameworks/Ubiquity.framework/Versions/A/Ubiquity
0x0000000009ff7000 	/System/Library/PrivateFrameworks/IconServices.framework/Versions/A/IconServices
0x0000000009ff7000 	/System/Library/PrivateFrameworks/ChunkingLibrary.framework/Versions/A/ChunkingLibrary
0x0000000009ff7000 	/System/Library/PrivateFrameworks/Apple80211.framework/Versions/A/Apple80211
0x0000000009ff7000 	/System/Library/Frameworks/CoreWLAN.framework/Versions/A/CoreWLAN
0x0000000009ff7000 	/System/Library/Frameworks/IOBluetooth.framework/Versions/A/IOBluetooth
0x0000000009ff7000 	/System/Library/PrivateFrameworks/CoreWiFi.framework/Versions/A/CoreWiFi
0x0000000009ff7000 	/System/Library/Frameworks/CoreBluetooth.framework/Versions/A/CoreBluetooth
0x0000000009ff7000 	/System/Library/PrivateFrameworks/DebugSymbols.framework/Versions/A/DebugSymbols
0x0000000009ff7000 	/System/Library/PrivateFrameworks/CoreSymbolication.framework/Versions/A/CoreSymbolication
0x0000000009ff7000 	/System/Library/PrivateFrameworks/Symbolication.framework/Versions/A/Symbolication
0x0000000009ff7000 	/System/Library/PrivateFrameworks/SpeechRecognitionCore.framework/Versions/A/SpeechRecognitionCore
0x0000000102400000 	/Library/Java/JavaVirtualMachines/jdk1.8.0_101.jdk/Contents/Home/jre/lib/server/libjvm.dylib
0x0000000009ff7000 	/usr/lib/libstdc++.6.dylib
0x000000010133a000 	/Library/Java/JavaVirtualMachines/jdk1.8.0_101.jdk/Contents/Home/jre/lib/libverify.dylib
0x0000000101348000 	/Library/Java/JavaVirtualMachines/jdk1.8.0_101.jdk/Contents/Home/jre/lib/libjava.dylib
0x0000000101387000 	/Library/Java/JavaVirtualMachines/jdk1.8.0_101.jdk/Contents/Home/jre/lib/libzip.dylib
0x000000011efdf000 	/System/Library/Frameworks/JavaVM.framework/Frameworks/JavaRuntimeSupport.framework/JavaRuntimeSupport
0x000000011effa000 	/System/Library/Frameworks/JavaVM.framework/Versions/A/Frameworks/JavaNativeFoundation.framework/Versions/A/JavaNativeFoundation
0x000000011f00f000 	/System/Library/Frameworks/JavaVM.framework/Versions/A/JavaVM
0x0000000009ff7000 	/System/Library/Frameworks/Carbon.framework/Versions/A/Carbon
0x000000011f01c000 	/System/Library/PrivateFrameworks/JavaLaunching.framework/Versions/A/JavaLaunching
0x0000000009ff7000 	/System/Library/Frameworks/Carbon.framework/Versions/A/Frameworks/CommonPanels.framework/Versions/A/CommonPanels
0x0000000009ff7000 	/System/Library/Frameworks/Carbon.framework/Versions/A/Frameworks/Help.framework/Versions/A/Help
0x0000000009ff7000 	/System/Library/Frameworks/Carbon.framework/Versions/A/Frameworks/ImageCapture.framework/Versions/A/ImageCapture
0x0000000009ff7000 	/System/Library/Frameworks/Carbon.framework/Versions/A/Frameworks/OpenScripting.framework/Versions/A/OpenScripting
0x0000000009ff7000 	/System/Library/Frameworks/Carbon.framework/Versions/A/Frameworks/Print.framework/Versions/A/Print
0x0000000009ff7000 	/System/Library/Frameworks/Carbon.framework/Versions/A/Frameworks/SecurityHI.framework/Versions/A/SecurityHI
0x00000001216e8000 	/Library/Java/JavaVirtualMachines/jdk1.8.0_101.jdk/Contents/Home/jre/lib/libsunec.dylib
0x0000000121717000 	/Library/Java/JavaVirtualMachines/jdk1.8.0_101.jdk/Contents/Home/jre/lib/libnet.dylib
0x00000001218b3000 	/Library/Java/JavaVirtualMachines/jdk1.8.0_101.jdk/Contents/Home/jre/lib/libmanagement.dylib
0x0000000121cdc000 	/Library/Java/JavaVirtualMachines/jdk1.8.0_101.jdk/Contents/Home/jre/lib/libnio.dylib

VM Arguments:
java_command: build/libs/shuffler.jar shuffle --amount 53000000 --session testnet00 --query btcd --blockchain test --crypto real --key cQrxHZezSKGnzEa4wdZELxxonx9JJCY46XPo5xdVBwGNQCHJBUke --anon muDPj33MmNE3pKY7rv38poEeWUFeHJ6wjG --change mtjQE4h9M6ukZhEwmtKecCVHr1dEBXRTnS --utxos [{"vout":"1","transactionHash":"caa0472df7635f09599c925886d53794285dd6399003df9892678b29d3900d70"}] --port 2003 --peers [{"key":"02478e64b92efc6e200ed9a3815d4a73cc1e9d01021563e3da810976a3b27a1eb1","address":"192.168.1.3:2001","utxos":'[{"vout":"2","transactionHash":"caa0472df7635f09599c925886d53794285dd6399003df9892678b29d3900d70"}]'},{"key":"0364c91b54da8d9ffcd0b633e52fd24a7af69f39013a816e9ad5230832b9b499d5","address":"192.168.1.3:2002","utxos":'[{"vout":"0","transactionHash":"caa0472df7635f09599c925886d53794285dd6399003df9892678b29d3900d70"}]'}] --rpcuser admin --rpcpass pass --fee 40 --time 1488911920000
java_class_path (initial): build/libs/shuffler.jar
Launcher Type: SUN_STANDARD

Environment Variables:
JAVA_HOME=/Library/Java/JavaVirtualMachines/jdk1.8.0_101.jdk/Contents/Home
PATH=/usr/local/bin:/Users/nsa/Downloads/google-cloud-sdk/bin:/usr/local/bin:/usr/bin:/bin:/usr/sbin:/sbin:/usr/local/MacGPG2/bin:/Applications/Wireshark.app/Contents/MacOS:/usr/local/opt/go/libexec/bin
SHELL=/bin/bash

Signal Handlers:
SIGSEGV: [libjvm.dylib+0x5af145], sa_mask[0]=11111111011111110111111111111111, sa_flags=SA_ONSTACK|SA_RESTART|SA_SIGINFO
SIGBUS: [libjvm.dylib+0x5af145], sa_mask[0]=11111111011111110111111111111111, sa_flags=SA_RESTART|SA_SIGINFO
SIGFPE: [libjvm.dylib+0x48694c], sa_mask[0]=11111111011111110111111111111111, sa_flags=SA_RESTART|SA_SIGINFO
SIGPIPE: [libjvm.dylib+0x48694c], sa_mask[0]=11111111011111110111111111111111, sa_flags=SA_RESTART|SA_SIGINFO
SIGXFSZ: [libjvm.dylib+0x48694c], sa_mask[0]=11111111011111110111111111111111, sa_flags=SA_RESTART|SA_SIGINFO
SIGILL: [libjvm.dylib+0x48694c], sa_mask[0]=11111111011111110111111111111111, sa_flags=SA_RESTART|SA_SIGINFO
SIGUSR1: SIG_DFL, sa_mask[0]=11011111011111100000000111000110, sa_flags=none
SIGUSR2: [libjvm.dylib+0x48646a], sa_mask[0]=00000000000000000000000000000000, sa_flags=SA_RESTART|SA_SIGINFO
SIGHUP: [libjvm.dylib+0x484a41], sa_mask[0]=11111111011111110111111111111111, sa_flags=SA_RESTART|SA_SIGINFO
SIGINT: [libjvm.dylib+0x484a41], sa_mask[0]=11111111011111110111111111111111, sa_flags=SA_RESTART|SA_SIGINFO
SIGTERM: [libjvm.dylib+0x484a41], sa_mask[0]=11111111011111110111111111111111, sa_flags=SA_RESTART|SA_SIGINFO
SIGQUIT: [libjvm.dylib+0x484a41], sa_mask[0]=11111111011111110111111111111111, sa_flags=SA_RESTART|SA_SIGINFO


---------------  S Y S T E M  ---------------

OS:Bsduname:Darwin 14.4.0 Darwin Kernel Version 14.4.0: Thu May 28 11:35:04 PDT 2015; root:xnu-2782.30.5~1/RELEASE_X86_64 x86_64
rlimit: STACK 8192k, CORE 0k, NPROC 709, NOFILE 10240, AS infinity
load average:1.10 1.20 1.18

CPU:total 8 (4 cores per cpu, 2 threads per core) family 6 model 70 stepping 1, cmov, cx8, fxsr, mmx, sse, sse2, sse3, ssse3, sse4.1, sse4.2, popcnt, avx, avx2, aes, clmul, erms, lzcnt, ht, tsc, tscinvbit, bmi1, bmi2

Memory: 4k page, physical 16777216k(1165112k free)

/proc/meminfo:


vm_info: Java HotSpot(TM) 64-Bit Server VM (25.101-b13) for bsd-amd64 JRE (1.8.0_101-b13), built on Jun 22 2016 02:42:15 by "java_re" with gcc 4.2.1 (Based on Apple Inc. build 5658) (LLVM build 2336.11.00)

time: Tue Mar  7 13:49:16 2017
elapsed time: 640 seconds (0d 0h 10m 40s)

